<?xml version="1.0" encoding="UTF-8" ?>
<testsuite failures="0" time="8.125" errors="1" skipped="0" tests="1" name="com.sqli.dao.EcoleDaoImplTest">
  <properties>
[...]
</properties>
  <testcase time="7.252" classname="com.sqli.dao.EcoleDaoImplTest" name="testSaveEcole">
    <error message="Failed to load ApplicationContext" type="java.lang.IllegalStateException">java.lang.IllegalStateException: Failed to load ApplicationContext
	at org.springframework.test.context.TestContext.getApplicationContext(TestContext.java:157)
	at org.springframework.test.context.support.DependencyInjectionTestExecutionListener.injectDependencies(DependencyInjectionTestExecutionListener.java:109)
	at org.springframework.test.context.support.DependencyInjectionTestExecutionListener.prepareTestInstance(DependencyInjectionTestExecutionListener.java:75)
	at org.springframework.test.context.TestContextManager.prepareTestInstance(TestContextManager.java:321)
	at org.springframework.test.context.junit4.SpringJUnit4ClassRunner.createTest(SpringJUnit4ClassRunner.java:211)
	at org.springframework.test.context.junit4.SpringJUnit4ClassRunner$1.runReflectiveCall(SpringJUnit4ClassRunner.java:288)
	at org.junit.internal.runners.model.ReflectiveCallable.run(ReflectiveCallable.java:15)
	at org.springframework.test.context.junit4.SpringJUnit4ClassRunner.methodBlock(SpringJUnit4ClassRunner.java:290)
	at org.springframework.test.context.junit4.SpringJUnit4ClassRunner.runChild(SpringJUnit4ClassRunner.java:231)
	at org.junit.runners.BlockJUnit4ClassRunner.runChild(BlockJUnit4ClassRunner.java:50)
	at org.junit.runners.ParentRunner$3.run(ParentRunner.java:193)
	at org.junit.runners.ParentRunner$1.schedule(ParentRunner.java:52)
	at org.junit.runners.ParentRunner.runChildren(ParentRunner.java:191)
	at org.junit.runners.ParentRunner.access$000(ParentRunner.java:42)
	at org.junit.runners.ParentRunner$2.evaluate(ParentRunner.java:184)
	at org.springframework.test.context.junit4.statements.RunBeforeTestClassCallbacks.evaluate(RunBeforeTestClassCallbacks.java:61)
	at org.springframework.test.context.junit4.statements.RunAfterTestClassCallbacks.evaluate(RunAfterTestClassCallbacks.java:71)
	at org.junit.runners.ParentRunner.run(ParentRunner.java:236)
	at org.springframework.test.context.junit4.SpringJUnit4ClassRunner.run(SpringJUnit4ClassRunner.java:174)
	at org.apache.maven.surefire.junit4.JUnit4TestSet.execute(JUnit4TestSet.java:53)
	at org.apache.maven.surefire.junit4.JUnit4Provider.executeTestSet(JUnit4Provider.java:123)
	at org.apache.maven.surefire.junit4.JUnit4Provider.invoke(JUnit4Provider.java:104)
	at sun.reflect.NativeMethodAccessorImpl.invoke0(Native Method)
	at sun.reflect.NativeMethodAccessorImpl.invoke(NativeMethodAccessorImpl.java:57)
	at sun.reflect.DelegatingMethodAccessorImpl.invoke(DelegatingMethodAccessorImpl.java:43)
	at java.lang.reflect.Method.invoke(Method.java:616)
	at org.apache.maven.surefire.util.ReflectionUtils.invokeMethodWithArray(ReflectionUtils.java:164)
	at org.apache.maven.surefire.booter.ProviderFactory$ProviderProxy.invoke(ProviderFactory.java:110)
	at org.apache.maven.surefire.booter.SurefireStarter.invokeProvider(SurefireStarter.java:175)
	at org.apache.maven.surefire.booter.SurefireStarter.runSuitesInProcessWhenForked(SurefireStarter.java:107)
	at org.apache.maven.surefire.booter.ForkedBooter.main(ForkedBooter.java:68)
Caused by: org.springframework.beans.factory.BeanCreationException: Error creating bean with name &apos;ecoleDaoImplTest&apos;: Injection of autowired dependencies failed; nested exception is org.springframework.beans.factory.BeanCreationException: Could not autowire method: public void com.sqli.dao.EcoleDaoImplTest.setEcoleDao(com.sqli.interfaces.InterfaceDao); nested exception is org.springframework.beans.factory.NoSuchBeanDefinitionException: No unique bean of type [com.sqli.interfaces.InterfaceDao] is defined: expected single matching bean but found 12: [archivageDaoImpl, posteDaoImpl, niveauDaoImpl, userDaoImpl, obtenirDiplomeDaoImpl, diplomeDaoImpl, managerRhDaoImpl, profileDaoImpl, technologieDaoImpl, collaborateurDaoImpl, ecoleDaoImpl, competenceDaoImpl]
	at org.springframework.beans.factory.annotation.AutowiredAnnotationBeanPostProcessor.postProcessPropertyValues(AutowiredAnnotationBeanPostProcessor.java:287)
	at org.springframework.beans.factory.support.AbstractAutowireCapableBeanFactory.populateBean(AbstractAutowireCapableBeanFactory.java:1106)
	at org.springframework.beans.factory.support.AbstractAutowireCapableBeanFactory.doCreateBean(AbstractAutowireCapableBeanFactory.java:517)
	at org.springframework.beans.factory.support.AbstractAutowireCapableBeanFactory.createBean(AbstractAutowireCapableBeanFactory.java:456)
	at org.springframework.beans.factory.support.AbstractBeanFactory$1.getObject(AbstractBeanFactory.java:294)
	at org.springframework.beans.factory.support.DefaultSingletonBeanRegistry.getSingleton(DefaultSingletonBeanRegistry.java:225)
	at org.springframework.beans.factory.support.AbstractBeanFactory.doGetBean(AbstractBeanFactory.java:291)
	at org.springframework.beans.factory.support.AbstractBeanFactory.getBean(AbstractBeanFactory.java:193)
	at org.springframework.beans.factory.support.DefaultListableBeanFactory.preInstantiateSingletons(DefaultListableBeanFactory.java:585)
	at org.springframework.context.support.AbstractApplicationContext.finishBeanFactoryInitialization(AbstractApplicationContext.java:913)
	at org.springframework.context.support.AbstractApplicationContext.refresh(AbstractApplicationContext.java:464)
	at org.springframework.test.context.support.AbstractGenericContextLoader.loadContext(AbstractGenericContextLoader.java:103)
	at org.springframework.test.context.support.AbstractGenericContextLoader.loadContext(AbstractGenericContextLoader.java:1)
	at org.springframework.test.context.support.DelegatingSmartContextLoader.loadContext(DelegatingSmartContextLoader.java:228)
	at org.springframework.test.context.TestContext.loadApplicationContext(TestContext.java:124)
	at org.springframework.test.context.TestContext.getApplicationContext(TestContext.java:148)
	... 30 more
Caused by: org.springframework.beans.factory.BeanCreationException: Could not autowire method: public void com.sqli.dao.EcoleDaoImplTest.setEcoleDao(com.sqli.interfaces.InterfaceDao); nested exception is org.springframework.beans.factory.NoSuchBeanDefinitionException: No unique bean of type [com.sqli.interfaces.InterfaceDao] is defined: expected single matching bean but found 12: [archivageDaoImpl, posteDaoImpl, niveauDaoImpl, userDaoImpl, obtenirDiplomeDaoImpl, diplomeDaoImpl, managerRhDaoImpl, profileDaoImpl, technologieDaoImpl, collaborateurDaoImpl, ecoleDaoImpl, competenceDaoImpl]
	at org.springframework.beans.factory.annotation.AutowiredAnnotationBeanPostProcessor$AutowiredMethodElement.inject(AutowiredAnnotationBeanPostProcessor.java:593)
	at org.springframework.beans.factory.annotation.InjectionMetadata.inject(InjectionMetadata.java:87)
	at org.springframework.beans.factory.annotation.AutowiredAnnotationBeanPostProcessor.postProcessPropertyValues(AutowiredAnnotationBeanPostProcessor.java:284)
	... 45 more
Caused by: org.springframework.beans.factory.NoSuchBeanDefinitionException: No unique bean of type [com.sqli.interfaces.InterfaceDao] is defined: expected single matching bean but found 12: [archivageDaoImpl, posteDaoImpl, niveauDaoImpl, userDaoImpl, obtenirDiplomeDaoImpl, diplomeDaoImpl, managerRhDaoImpl, profileDaoImpl, technologieDaoImpl, collaborateurDaoImpl, ecoleDaoImpl, competenceDaoImpl]
	at org.springframework.beans.factory.support.DefaultListableBeanFactory.doResolveDependency(DefaultListableBeanFactory.java:800)
	at org.springframework.beans.factory.support.DefaultListableBeanFactory.resolveDependency(DefaultListableBeanFactory.java:707)
	at org.springframework.beans.factory.annotation.AutowiredAnnotationBeanPostProcessor$AutowiredMethodElement.inject(AutowiredAnnotationBeanPostProcessor.java:551)
	... 47 more
</error>
    <system-out>13:08:44.788 [main] INFO  org.hibernate.cfg.Environment - Hibernate 3.3.1.GA
13:08:44.804 [main] INFO  org.hibernate.cfg.Environment - hibernate.properties not found
13:08:44.807 [main] INFO  org.hibernate.cfg.Environment - Bytecode provider name : javassist
13:08:44.812 [main] INFO  org.hibernate.cfg.Environment - using JDK 1.4 java.sql.Timestamp handling
13:08:45.281 [main] DEBUG org.hibernate.cfg.Configuration - processing extends queue
13:08:45.281 [main] DEBUG org.hibernate.cfg.Configuration - processing collection mappings
13:08:45.282 [main] DEBUG o.hibernate.cfg.CollectionSecondPass - Second pass for collection: com.sqli.beans.Collaborateur.archivages
13:08:45.286 [main] DEBUG o.hibernate.cfg.CollectionSecondPass - Mapped collection key: Matricule, one-to-many: com.sqli.beans.Archivage
13:08:45.286 [main] DEBUG o.hibernate.cfg.CollectionSecondPass - Second pass for collection: com.sqli.beans.Collaborateur.managerRhs
13:08:45.287 [main] DEBUG o.hibernate.cfg.CollectionSecondPass - Mapped collection key: Matricule, one-to-many: com.sqli.beans.ManagerRh
13:08:45.287 [main] DEBUG o.hibernate.cfg.CollectionSecondPass - Second pass for collection: com.sqli.beans.Collaborateur.niveaus
13:08:45.288 [main] DEBUG o.hibernate.cfg.CollectionSecondPass - Mapped collection key: Matricule, one-to-many: com.sqli.beans.Niveau
13:08:45.288 [main] DEBUG o.hibernate.cfg.CollectionSecondPass - Second pass for collection: com.sqli.beans.Collaborateur.obtenirDiplomes
13:08:45.289 [main] DEBUG o.hibernate.cfg.CollectionSecondPass - Mapped collection key: Matricule, one-to-many: com.sqli.beans.ObtenirDiplome
13:08:45.289 [main] DEBUG o.hibernate.cfg.CollectionSecondPass - Second pass for collection: com.sqli.beans.Competence.niveaus
13:08:45.290 [main] DEBUG o.hibernate.cfg.CollectionSecondPass - Mapped collection key: Id_competence, one-to-many: com.sqli.beans.Niveau
13:08:45.290 [main] DEBUG o.hibernate.cfg.CollectionSecondPass - Second pass for collection: com.sqli.beans.Diplome.obtenirDiplomes
13:08:45.290 [main] DEBUG o.hibernate.cfg.CollectionSecondPass - Mapped collection key: Id_diplome, one-to-many: com.sqli.beans.ObtenirDiplome
13:08:45.291 [main] DEBUG o.hibernate.cfg.CollectionSecondPass - Second pass for collection: com.sqli.beans.Ecole.obtenirDiplomes
13:08:45.291 [main] DEBUG o.hibernate.cfg.CollectionSecondPass - Mapped collection key: Id_ecole, one-to-many: com.sqli.beans.ObtenirDiplome
13:08:45.291 [main] DEBUG o.hibernate.cfg.CollectionSecondPass - Second pass for collection: com.sqli.beans.ManagerRh.collaborateursForFkActuelMrh
13:08:45.292 [main] DEBUG o.hibernate.cfg.CollectionSecondPass - Mapped collection key: Id_manager_RH_actuel, Man_Matricule_actuel, one-to-many: com.sqli.beans.Collaborateur
13:08:45.292 [main] DEBUG o.hibernate.cfg.CollectionSecondPass - Second pass for collection: com.sqli.beans.ManagerRh.collaborateursForFkEncienMrh
13:08:45.294 [main] DEBUG o.hibernate.cfg.CollectionSecondPass - Mapped collection key: Id_manager_RH_ancien, Man_Matricule_ancien, one-to-many: com.sqli.beans.Collaborateur
13:08:45.294 [main] DEBUG o.hibernate.cfg.CollectionSecondPass - Second pass for collection: com.sqli.beans.ManagerRh.users
13:08:45.295 [main] DEBUG o.hibernate.cfg.CollectionSecondPass - Mapped collection key: Id_manager_RH, Matricule, one-to-many: com.sqli.beans.User
13:08:45.296 [main] DEBUG o.hibernate.cfg.CollectionSecondPass - Second pass for collection: com.sqli.beans.Poste.archivages
13:08:45.297 [main] DEBUG o.hibernate.cfg.CollectionSecondPass - Mapped collection key: Id_poste, one-to-many: com.sqli.beans.Archivage
13:08:45.297 [main] DEBUG o.hibernate.cfg.CollectionSecondPass - Second pass for collection: com.sqli.beans.Profile.users
13:08:45.298 [main] DEBUG o.hibernate.cfg.CollectionSecondPass - Mapped collection key: id_profile, one-to-many: com.sqli.beans.User
13:08:45.298 [main] DEBUG o.hibernate.cfg.CollectionSecondPass - Second pass for collection: com.sqli.beans.Technologie.niveaus
13:08:45.299 [main] DEBUG o.hibernate.cfg.CollectionSecondPass - Mapped collection key: Id_technologie, one-to-many: com.sqli.beans.Niveau
13:08:45.300 [main] DEBUG org.hibernate.cfg.Configuration - processing native query and ResultSetMapping mappings
13:08:45.300 [main] DEBUG org.hibernate.cfg.Configuration - processing association property references
13:08:45.300 [main] DEBUG org.hibernate.cfg.Configuration - processing foreign key constraints
13:08:45.301 [main] DEBUG org.hibernate.cfg.Configuration - resolving reference to class: com.sqli.beans.Poste
13:08:45.301 [main] DEBUG org.hibernate.cfg.Configuration - resolving reference to class: com.sqli.beans.Collaborateur
13:08:45.301 [main] DEBUG org.hibernate.cfg.Configuration - resolving reference to class: com.sqli.beans.ManagerRh
13:08:45.302 [main] DEBUG org.hibernate.cfg.Configuration - resolving reference to class: com.sqli.beans.ManagerRh
13:08:45.302 [main] DEBUG org.hibernate.cfg.Configuration - resolving reference to class: com.sqli.beans.Collaborateur
13:08:45.302 [main] DEBUG org.hibernate.cfg.Configuration - resolving reference to class: com.sqli.beans.Competence
13:08:45.302 [main] DEBUG org.hibernate.cfg.Configuration - resolving reference to class: com.sqli.beans.Technologie
13:08:45.303 [main] DEBUG org.hibernate.cfg.Configuration - resolving reference to class: com.sqli.beans.Collaborateur
13:08:45.303 [main] DEBUG org.hibernate.cfg.Configuration - resolving reference to class: com.sqli.beans.Diplome
13:08:45.303 [main] DEBUG org.hibernate.cfg.Configuration - resolving reference to class: com.sqli.beans.Ecole
13:08:45.303 [main] DEBUG org.hibernate.cfg.Configuration - resolving reference to class: com.sqli.beans.Collaborateur
13:08:45.304 [main] DEBUG org.hibernate.cfg.Configuration - resolving reference to class: com.sqli.beans.ManagerRh
13:08:45.304 [main] DEBUG org.hibernate.cfg.Configuration - resolving reference to class: com.sqli.beans.Profile
13:08:45.345 [main] INFO  org.hibernate.validator.Version - Hibernate Validator 3.1.0.GA
13:08:45.348 [main] DEBUG o.hibernate.validator.ClassValidator - ResourceBundle ValidatorMessages not found in Validator classloader. Delegate to org.hibernate.validator.resources.DefaultValidatorMessages
13:08:45.355 [main] DEBUG o.hibernate.validator.ClassValidator - ResourceBundle ValidatorMessages not found in Validator classloader. Delegate to org.hibernate.validator.resources.DefaultValidatorMessages
13:08:45.356 [main] DEBUG o.hibernate.validator.ClassValidator - ResourceBundle ValidatorMessages not found in Validator classloader. Delegate to org.hibernate.validator.resources.DefaultValidatorMessages
13:08:45.359 [main] DEBUG o.hibernate.validator.ClassValidator - ResourceBundle ValidatorMessages not found in Validator classloader. Delegate to org.hibernate.validator.resources.DefaultValidatorMessages
13:08:45.361 [main] DEBUG o.hibernate.validator.ClassValidator - ResourceBundle ValidatorMessages not found in Validator classloader. Delegate to org.hibernate.validator.resources.DefaultValidatorMessages
13:08:45.368 [main] DEBUG o.hibernate.validator.ClassValidator - ResourceBundle ValidatorMessages not found in Validator classloader. Delegate to org.hibernate.validator.resources.DefaultValidatorMessages
13:08:45.370 [main] DEBUG o.hibernate.validator.ClassValidator - ResourceBundle ValidatorMessages not found in Validator classloader. Delegate to org.hibernate.validator.resources.DefaultValidatorMessages
13:08:45.373 [main] DEBUG o.hibernate.validator.ClassValidator - ResourceBundle ValidatorMessages not found in Validator classloader. Delegate to org.hibernate.validator.resources.DefaultValidatorMessages
13:08:45.374 [main] DEBUG o.hibernate.validator.ClassValidator - ResourceBundle ValidatorMessages not found in Validator classloader. Delegate to org.hibernate.validator.resources.DefaultValidatorMessages
13:08:45.376 [main] DEBUG o.hibernate.validator.ClassValidator - ResourceBundle ValidatorMessages not found in Validator classloader. Delegate to org.hibernate.validator.resources.DefaultValidatorMessages
13:08:45.377 [main] DEBUG o.hibernate.validator.ClassValidator - ResourceBundle ValidatorMessages not found in Validator classloader. Delegate to org.hibernate.validator.resources.DefaultValidatorMessages
13:08:45.379 [main] DEBUG o.hibernate.validator.ClassValidator - ResourceBundle ValidatorMessages not found in Validator classloader. Delegate to org.hibernate.validator.resources.DefaultValidatorMessages
13:08:45.386 [main] DEBUG org.hibernate.cfg.Configuration - Preparing to build session factory with filters : {}
13:08:45.387 [main] DEBUG org.hibernate.cfg.Configuration - processing extends queue
13:08:45.387 [main] DEBUG org.hibernate.cfg.Configuration - processing collection mappings
13:08:45.387 [main] DEBUG org.hibernate.cfg.Configuration - processing native query and ResultSetMapping mappings
13:08:45.388 [main] DEBUG org.hibernate.cfg.Configuration - processing association property references
13:08:45.388 [main] DEBUG org.hibernate.cfg.Configuration - processing foreign key constraints
13:08:45.388 [main] DEBUG org.hibernate.cfg.Configuration - resolving reference to class: com.sqli.beans.Poste
13:08:45.388 [main] DEBUG org.hibernate.cfg.Configuration - resolving reference to class: com.sqli.beans.Collaborateur
13:08:45.388 [main] DEBUG org.hibernate.cfg.Configuration - resolving reference to class: com.sqli.beans.ManagerRh
13:08:45.389 [main] DEBUG org.hibernate.cfg.Configuration - resolving reference to class: com.sqli.beans.ManagerRh
13:08:45.389 [main] DEBUG org.hibernate.cfg.Configuration - resolving reference to class: com.sqli.beans.Collaborateur
13:08:45.389 [main] DEBUG org.hibernate.cfg.Configuration - resolving reference to class: com.sqli.beans.Competence
13:08:45.389 [main] DEBUG org.hibernate.cfg.Configuration - resolving reference to class: com.sqli.beans.Technologie
13:08:45.390 [main] DEBUG org.hibernate.cfg.Configuration - resolving reference to class: com.sqli.beans.Collaborateur
13:08:45.390 [main] DEBUG org.hibernate.cfg.Configuration - resolving reference to class: com.sqli.beans.Diplome
13:08:45.390 [main] DEBUG org.hibernate.cfg.Configuration - resolving reference to class: com.sqli.beans.Ecole
13:08:45.390 [main] DEBUG org.hibernate.cfg.Configuration - resolving reference to class: com.sqli.beans.Collaborateur
13:08:45.390 [main] DEBUG org.hibernate.cfg.Configuration - resolving reference to class: com.sqli.beans.ManagerRh
13:08:45.391 [main] DEBUG org.hibernate.cfg.Configuration - resolving reference to class: com.sqli.beans.Profile
13:08:45.391 [main] DEBUG o.hibernate.validator.ClassValidator - ResourceBundle ValidatorMessages not found in Validator classloader. Delegate to org.hibernate.validator.resources.DefaultValidatorMessages
13:08:45.392 [main] DEBUG o.hibernate.validator.ClassValidator - ResourceBundle ValidatorMessages not found in Validator classloader. Delegate to org.hibernate.validator.resources.DefaultValidatorMessages
13:08:45.394 [main] DEBUG o.hibernate.validator.ClassValidator - ResourceBundle ValidatorMessages not found in Validator classloader. Delegate to org.hibernate.validator.resources.DefaultValidatorMessages
13:08:45.396 [main] DEBUG o.hibernate.validator.ClassValidator - ResourceBundle ValidatorMessages not found in Validator classloader. Delegate to org.hibernate.validator.resources.DefaultValidatorMessages
13:08:45.398 [main] DEBUG o.hibernate.validator.ClassValidator - ResourceBundle ValidatorMessages not found in Validator classloader. Delegate to org.hibernate.validator.resources.DefaultValidatorMessages
13:08:45.401 [main] DEBUG o.hibernate.validator.ClassValidator - ResourceBundle ValidatorMessages not found in Validator classloader. Delegate to org.hibernate.validator.resources.DefaultValidatorMessages
13:08:45.402 [main] DEBUG o.hibernate.validator.ClassValidator - ResourceBundle ValidatorMessages not found in Validator classloader. Delegate to org.hibernate.validator.resources.DefaultValidatorMessages
13:08:45.404 [main] DEBUG o.hibernate.validator.ClassValidator - ResourceBundle ValidatorMessages not found in Validator classloader. Delegate to org.hibernate.validator.resources.DefaultValidatorMessages
13:08:45.405 [main] DEBUG o.hibernate.validator.ClassValidator - ResourceBundle ValidatorMessages not found in Validator classloader. Delegate to org.hibernate.validator.resources.DefaultValidatorMessages
13:08:45.406 [main] DEBUG o.hibernate.validator.ClassValidator - ResourceBundle ValidatorMessages not found in Validator classloader. Delegate to org.hibernate.validator.resources.DefaultValidatorMessages
13:08:45.407 [main] DEBUG o.hibernate.validator.ClassValidator - ResourceBundle ValidatorMessages not found in Validator classloader. Delegate to org.hibernate.validator.resources.DefaultValidatorMessages
13:08:45.408 [main] DEBUG o.hibernate.validator.ClassValidator - ResourceBundle ValidatorMessages not found in Validator classloader. Delegate to org.hibernate.validator.resources.DefaultValidatorMessages
13:08:45.462 [main] INFO  o.h.c.ConnectionProviderFactory - Initializing connection provider: org.springframework.orm.hibernate3.LocalDataSourceConnectionProvider
13:08:46.097 [main] INFO  org.hibernate.cfg.SettingsFactory - RDBMS: MySQL, version: 5.1.69-0ubuntu0.11.10.1
13:08:46.097 [main] INFO  org.hibernate.cfg.SettingsFactory - JDBC driver: MySQL-AB JDBC Driver, version: mysql-connector-java-5.1.15 ( Revision: ${bzr.revision-id} )
13:08:46.132 [main] INFO  org.hibernate.dialect.Dialect - Using dialect: org.hibernate.dialect.MySQLDialect
13:08:46.136 [main] INFO  o.h.t.TransactionFactoryFactory - Transaction strategy: org.springframework.orm.hibernate3.SpringTransactionFactory
13:08:46.137 [main] INFO  o.h.t.TransactionManagerLookupFactory - No TransactionManagerLookup configured (in JTA environment, use of read-write or transactional second-level cache is not recommended)
13:08:46.138 [main] INFO  org.hibernate.cfg.SettingsFactory - Automatic flush during beforeCompletion(): disabled
13:08:46.138 [main] INFO  org.hibernate.cfg.SettingsFactory - Automatic session close at end of transaction: disabled
13:08:46.138 [main] INFO  org.hibernate.cfg.SettingsFactory - JDBC batch size: 15
13:08:46.138 [main] INFO  org.hibernate.cfg.SettingsFactory - JDBC batch updates for versioned data: disabled
13:08:46.139 [main] INFO  org.hibernate.cfg.SettingsFactory - Scrollable result sets: enabled
13:08:46.139 [main] DEBUG org.hibernate.cfg.SettingsFactory - Wrap result sets: disabled
13:08:46.139 [main] INFO  org.hibernate.cfg.SettingsFactory - JDBC3 getGeneratedKeys(): enabled
13:08:46.139 [main] INFO  org.hibernate.cfg.SettingsFactory - Connection release mode: auto
13:08:46.140 [main] INFO  org.hibernate.cfg.SettingsFactory - Maximum outer join fetch depth: 2
13:08:46.140 [main] INFO  org.hibernate.cfg.SettingsFactory - Default batch fetch size: 1
13:08:46.141 [main] INFO  org.hibernate.cfg.SettingsFactory - Generate SQL with comments: disabled
13:08:46.141 [main] INFO  org.hibernate.cfg.SettingsFactory - Order SQL updates by primary key: disabled
13:08:46.141 [main] INFO  org.hibernate.cfg.SettingsFactory - Order SQL inserts for batching: disabled
13:08:46.141 [main] INFO  org.hibernate.cfg.SettingsFactory - Query translator: org.hibernate.hql.ast.ASTQueryTranslatorFactory
13:08:46.155 [main] INFO  o.h.h.ast.ASTQueryTranslatorFactory - Using ASTQueryTranslatorFactory
13:08:46.155 [main] INFO  org.hibernate.cfg.SettingsFactory - Query language substitutions: {}
13:08:46.156 [main] INFO  org.hibernate.cfg.SettingsFactory - JPA-QL strict compliance: disabled
13:08:46.156 [main] INFO  org.hibernate.cfg.SettingsFactory - Second-level cache: enabled
13:08:46.156 [main] INFO  org.hibernate.cfg.SettingsFactory - Query cache: disabled
13:08:46.156 [main] INFO  org.hibernate.cfg.SettingsFactory - Cache region factory : org.hibernate.cache.impl.NoCachingRegionFactory
13:08:46.156 [main] INFO  org.hibernate.cfg.SettingsFactory - Optimize cache for minimal puts: disabled
13:08:46.157 [main] INFO  org.hibernate.cfg.SettingsFactory - Structured second-level cache entries: disabled
13:08:46.161 [main] INFO  org.hibernate.cfg.SettingsFactory - Echoing all SQL to stdout
13:08:46.162 [main] INFO  org.hibernate.cfg.SettingsFactory - Statistics: disabled
13:08:46.162 [main] INFO  org.hibernate.cfg.SettingsFactory - Deleted entity synthetic identifier rollback: disabled
13:08:46.163 [main] INFO  org.hibernate.cfg.SettingsFactory - Default entity-mode: pojo
13:08:46.163 [main] INFO  org.hibernate.cfg.SettingsFactory - Named query checking : enabled
13:08:46.185 [main] DEBUG o.hibernate.validator.ClassValidator - ResourceBundle ValidatorMessages not found in Validator classloader. Delegate to org.hibernate.validator.resources.DefaultValidatorMessages
13:08:46.187 [main] DEBUG o.hibernate.validator.ClassValidator - ResourceBundle ValidatorMessages not found in Validator classloader. Delegate to org.hibernate.validator.resources.DefaultValidatorMessages
13:08:46.189 [main] DEBUG o.hibernate.validator.ClassValidator - ResourceBundle ValidatorMessages not found in Validator classloader. Delegate to org.hibernate.validator.resources.DefaultValidatorMessages
13:08:46.190 [main] DEBUG o.hibernate.validator.ClassValidator - ResourceBundle ValidatorMessages not found in Validator classloader. Delegate to org.hibernate.validator.resources.DefaultValidatorMessages
13:08:46.191 [main] DEBUG o.hibernate.validator.ClassValidator - ResourceBundle ValidatorMessages not found in Validator classloader. Delegate to org.hibernate.validator.resources.DefaultValidatorMessages
13:08:46.194 [main] DEBUG o.hibernate.validator.ClassValidator - ResourceBundle ValidatorMessages not found in Validator classloader. Delegate to org.hibernate.validator.resources.DefaultValidatorMessages
13:08:46.195 [main] DEBUG o.hibernate.validator.ClassValidator - ResourceBundle ValidatorMessages not found in Validator classloader. Delegate to org.hibernate.validator.resources.DefaultValidatorMessages
13:08:46.196 [main] DEBUG o.hibernate.validator.ClassValidator - ResourceBundle ValidatorMessages not found in Validator classloader. Delegate to org.hibernate.validator.resources.DefaultValidatorMessages
13:08:46.199 [main] DEBUG o.hibernate.validator.ClassValidator - ResourceBundle ValidatorMessages not found in Validator classloader. Delegate to org.hibernate.validator.resources.DefaultValidatorMessages
13:08:46.205 [main] DEBUG o.hibernate.validator.ClassValidator - ResourceBundle ValidatorMessages not found in Validator classloader. Delegate to org.hibernate.validator.resources.DefaultValidatorMessages
13:08:46.207 [main] DEBUG o.hibernate.validator.ClassValidator - ResourceBundle ValidatorMessages not found in Validator classloader. Delegate to org.hibernate.validator.resources.DefaultValidatorMessages
13:08:46.208 [main] DEBUG o.hibernate.validator.ClassValidator - ResourceBundle ValidatorMessages not found in Validator classloader. Delegate to org.hibernate.validator.resources.DefaultValidatorMessages
13:08:46.212 [main] DEBUG o.hibernate.validator.ClassValidator - ResourceBundle ValidatorMessages not found in Validator classloader. Delegate to org.hibernate.validator.resources.DefaultValidatorMessages
13:08:46.317 [main] INFO  o.hibernate.impl.SessionFactoryImpl - building session factory
13:08:46.320 [main] DEBUG o.hibernate.impl.SessionFactoryImpl - Session factory constructed with filter configurations : {}
13:08:46.321 [main] DEBUG o.hibernate.impl.SessionFactoryImpl - instantiating session factory with properties: {java.runtime.name=OpenJDK Runtime Environment, sun.boot.library.path=/usr/lib/jvm/java-6-openjdk/jre/lib/i386, java.vm.version=20.0-b12, java.vm.vendor=Sun Microsystems Inc., java.vendor.url=http://java.sun.com/, path.separator=:, java.vm.name=OpenJDK Server VM, file.encoding.pkg=sun.io, user.country=FR, sun.java.launcher=SUN_STANDARD, sun.os.patch.level=unknown, java.vm.specification.name=Java Virtual Machine Specification, user.dir=/home/jamal/Documents/WorkSpaceProjetStage/RH_SQLI_2014, java.runtime.version=1.6.0_27-b27, java.awt.graphicsenv=sun.awt.X11GraphicsEnvironment, basedir=/home/jamal/Documents/WorkSpaceProjetStage/RH_SQLI_2014, hibernate.current_session_context_class=org.springframework.orm.hibernate3.SpringSessionContext, java.endorsed.dirs=/usr/lib/jvm/java-6-openjdk/jre/lib/endorsed, os.arch=i386, surefire.real.class.path=/home/jamal/Documents/WorkSpaceProjetStage/RH_SQLI_2014/target/surefire/surefirebooter9067414612031656084.jar, java.io.tmpdir=/tmp, line.separator=
, java.vm.specification.vendor=Sun Microsystems Inc., os.name=Linux, sun.jnu.encoding=UTF-8, java.library.path=/usr/lib/jvm/java-6-openjdk/jre/lib/i386/server:/usr/lib/jvm/java-6-openjdk/jre/lib/i386:/usr/lib/jvm/java-6-openjdk/jre/../lib/i386:/usr/lib/jvm/java-6-openjdk/jre/lib/i386/client:/usr/lib/jvm/java-6-openjdk/jre/lib/i386::/usr/java/packages/lib/i386:/usr/lib/jni:/lib:/usr/lib, surefire.test.class.path=/home/jamal/Documents/WorkSpaceProjetStage/RH_SQLI_2014/target/test-classes:/home/jamal/Documents/WorkSpaceProjetStage/RH_SQLI_2014/target/classes:/home/jamal/.m2/repository/org/primefaces/themes/redmond/1.0.10/redmond-1.0.10.jar:/home/jamal/.m2/repository/org/springframework/spring-core/3.1.1.RELEASE/spring-core-3.1.1.RELEASE.jar:/home/jamal/.m2/repository/org/springframework/spring-beans/3.1.1.RELEASE/spring-beans-3.1.1.RELEASE.jar:/home/jamal/.m2/repository/org/springframework/spring-context/3.1.1.RELEASE/spring-context-3.1.1.RELEASE.jar:/home/jamal/.m2/repository/org/springframework/spring-tx/3.1.1.RELEASE/spring-tx-3.1.1.RELEASE.jar:/home/jamal/.m2/repository/aopalliance/aopalliance/1.0/aopalliance-1.0.jar:/home/jamal/.m2/repository/org/springframework/spring-orm/3.1.1.RELEASE/spring-orm-3.1.1.RELEASE.jar:/home/jamal/.m2/repository/org/springframework/spring-test/3.1.1.RELEASE/spring-test-3.1.1.RELEASE.jar:/home/jamal/.m2/repository/mysql/mysql-connector-java/5.1.15/mysql-connector-java-5.1.15.jar:/home/jamal/.m2/repository/cglib/cglib/2.2/cglib-2.2.jar:/home/jamal/.m2/repository/asm/asm/3.1/asm-3.1.jar:/home/jamal/.m2/repository/org/hibernate/hibernate-core/3.3.1.GA/hibernate-core-3.3.1.GA.jar:/home/jamal/.m2/repository/antlr/antlr/2.7.6/antlr-2.7.6.jar:/home/jamal/.m2/repository/commons-collections/commons-collections/3.1/commons-collections-3.1.jar:/home/jamal/.m2/repository/dom4j/dom4j/1.6.1/dom4j-1.6.1.jar:/home/jamal/.m2/repository/xml-apis/xml-apis/1.0.b2/xml-apis-1.0.b2.jar:/home/jamal/.m2/repository/commons-logging/commons-logging/1.1.1/commons-logging-1.1.1.jar:/home/jamal/.m2/repository/org/hibernate/hibernate-commons-annotations/3.3.0.ga/hibernate-commons-annotations-3.3.0.ga.jar:/home/jamal/.m2/repository/javax/persistence/persistence-api/1.0/persistence-api-1.0.jar:/home/jamal/.m2/repository/org/hibernate/hibernate-entitymanager/3.3.2.GA/hibernate-entitymanager-3.3.2.GA.jar:/home/jamal/.m2/repository/org/hibernate/hibernate-annotations/3.3.1.GA/hibernate-annotations-3.3.1.GA.jar:/home/jamal/.m2/repository/org/hibernate/ejb3-persistence/1.0.1.GA/ejb3-persistence-1.0.1.GA.jar:/home/jamal/.m2/repository/javassist/javassist/3.4.GA/javassist-3.4.GA.jar:/home/jamal/.m2/repository/org/hibernate/hibernate-validator/3.1.0.GA/hibernate-validator-3.1.0.GA.jar:/home/jamal/.m2/repository/org/slf4j/slf4j-api/1.6.1/slf4j-api-1.6.1.jar:/home/jamal/.m2/repository/ch/qos/logback/logback-classic/0.9.28/logback-classic-0.9.28.jar:/home/jamal/.m2/repository/ch/qos/logback/logback-core/0.9.28/logback-core-0.9.28.jar:/home/jamal/.m2/repository/javax/transaction/jta/1.0.1B/jta-1.0.1B.jar:/home/jamal/.m2/repository/junit/junit/4.7/junit-4.7.jar:/home/jamal/.m2/repository/com/sun/faces/jsf-api/2.1.5/jsf-api-2.1.5.jar:/home/jamal/.m2/repository/com/sun/faces/jsf-impl/2.1.5/jsf-impl-2.1.5.jar:/home/jamal/.m2/repository/org/primefaces/primefaces/3.5/primefaces-3.5.jar:/home/jamal/.m2/repository/org/primefaces/themes/all-themes/1.0.9/all-themes-1.0.9.jar:/home/jamal/.m2/repository/javax/servlet/jstl/1.1.2/jstl-1.1.2.jar:/home/jamal/.m2/repository/javax/servlet/servlet-api/2.4/servlet-api-2.4.jar:/home/jamal/.m2/repository/org/springframework/spring-web/3.1.1.RELEASE/spring-web-3.1.1.RELEASE.jar:/home/jamal/.m2/repository/org/springframework/spring-aop/3.1.1.RELEASE/spring-aop-3.1.1.RELEASE.jar:/home/jamal/.m2/repository/org/springframework/spring-asm/3.1.1.RELEASE/spring-asm-3.1.1.RELEASE.jar:/home/jamal/.m2/repository/org/springframework/spring-aspects/3.1.1.RELEASE/spring-aspects-3.1.1.RELEASE.jar:/home/jamal/.m2/repository/org/springframework/spring-context-support/3.1.1.RELEASE/spring-context-support-3.1.1.RELEASE.jar:/home/jamal/.m2/repository/org/springframework/spring-expression/3.1.1.RELEASE/spring-expression-3.1.1.RELEASE.jar:/home/jamal/.m2/repository/org/springframework/spring-instrument/3.1.1.RELEASE/spring-instrument-3.1.1.RELEASE.jar:/home/jamal/.m2/repository/org/springframework/spring-instrument-tomcat/3.1.1.RELEASE/spring-instrument-tomcat-3.1.1.RELEASE.jar:/home/jamal/.m2/repository/org/springframework/spring-jdbc/3.1.1.RELEASE/spring-jdbc-3.1.1.RELEASE.jar:/home/jamal/.m2/repository/org/springframework/spring-jms/3.1.1.RELEASE/spring-jms-3.1.1.RELEASE.jar:/home/jamal/.m2/repository/org/springframework/spring-oxm/3.1.1.RELEASE/spring-oxm-3.1.1.RELEASE.jar:/home/jamal/.m2/repository/commons-lang/commons-lang/2.5/commons-lang-2.5.jar:/home/jamal/.m2/repository/org/springframework/spring-webmvc-portlet/3.1.1.RELEASE/spring-webmvc-portlet-3.1.1.RELEASE.jar:/home/jamal/.m2/repository/org/springframework/spring-webmvc/3.1.1.RELEASE/spring-webmvc-3.1.1.RELEASE.jar:/home/jamal/.m2/repository/org/springframework/spring-struts/3.1.1.RELEASE/spring-struts-3.1.1.RELEASE.jar:/home/jamal/.m2/repository/struts/struts/1.2.9/struts-1.2.9.jar:/home/jamal/.m2/repository/commons-digester/commons-digester/1.6/commons-digester-1.6.jar:/home/jamal/.m2/repository/commons-fileupload/commons-fileupload/1.0/commons-fileupload-1.0.jar:/home/jamal/.m2/repository/commons-validator/commons-validator/1.1.4/commons-validator-1.1.4.jar:/home/jamal/.m2/repository/oro/oro/2.0.7/oro-2.0.7.jar:/home/jamal/.m2/repository/xalan/xalan/2.5.1/xalan-2.5.1.jar:/home/jamal/.m2/repository/commons-beanutils/commons-beanutils/1.7.0/commons-beanutils-1.7.0.jar:/home/jamal/.m2/repository/taglibs/standard/1.1.2/standard-1.1.2.jar:/home/jamal/.m2/repository/org/hibernate/hibernate/3.2.5.ga/hibernate-3.2.5.ga.jar:/home/jamal/.m2/repository/net/sf/ehcache/ehcache/1.2.3/ehcache-1.2.3.jar:/home/jamal/.m2/repository/asm/asm-attrs/1.5.3/asm-attrs-1.5.3.jar:/home/jamal/.m2/repository/javax/sql/jdbc-stdext/2.0/jdbc-stdext-2.0.jar:/home/jamal/.m2/repository/unknown/binary/derbyclient/SNAPSHOT/derbyclient-SNAPSHOT.jar:/home/jamal/.m2/repository/unknown/binary/derby/SNAPSHOT/derby-SNAPSHOT.jar:/home/jamal/.m2/repository/org/springframework/security/spring-security-core/3.1.3.RELEASE/spring-security-core-3.1.3.RELEASE.jar:/home/jamal/.m2/repository/org/springframework/security/spring-security-web/3.0.5.RELEASE/spring-security-web-3.0.5.RELEASE.jar:/home/jamal/.m2/repository/org/springframework/security/spring-security-config/3.0.5.RELEASE/spring-security-config-3.0.5.RELEASE.jar:, java.specification.name=Java Platform API Specification, java.class.version=50.0, sun.management.compiler=HotSpot Tiered Compilers, hibernate.transaction.factory_class=org.springframework.orm.hibernate3.SpringTransactionFactory, os.version=3.0.0-32-generic, user.home=/home/jamal, user.timezone=Africa/Casablanca, java.awt.printerjob=sun.print.PSPrinterJob, java.specification.version=1.6, file.encoding=UTF-8, user.name=jamal, java.class.path=/home/jamal/Documents/WorkSpaceProjetStage/RH_SQLI_2014/target/test-classes:/home/jamal/Documents/WorkSpaceProjetStage/RH_SQLI_2014/target/classes:/home/jamal/.m2/repository/org/primefaces/themes/redmond/1.0.10/redmond-1.0.10.jar:/home/jamal/.m2/repository/org/springframework/spring-core/3.1.1.RELEASE/spring-core-3.1.1.RELEASE.jar:/home/jamal/.m2/repository/org/springframework/spring-beans/3.1.1.RELEASE/spring-beans-3.1.1.RELEASE.jar:/home/jamal/.m2/repository/org/springframework/spring-context/3.1.1.RELEASE/spring-context-3.1.1.RELEASE.jar:/home/jamal/.m2/repository/org/springframework/spring-tx/3.1.1.RELEASE/spring-tx-3.1.1.RELEASE.jar:/home/jamal/.m2/repository/aopalliance/aopalliance/1.0/aopalliance-1.0.jar:/home/jamal/.m2/repository/org/springframework/spring-orm/3.1.1.RELEASE/spring-orm-3.1.1.RELEASE.jar:/home/jamal/.m2/repository/org/springframework/spring-test/3.1.1.RELEASE/spring-test-3.1.1.RELEASE.jar:/home/jamal/.m2/repository/mysql/mysql-connector-java/5.1.15/mysql-connector-java-5.1.15.jar:/home/jamal/.m2/repository/cglib/cglib/2.2/cglib-2.2.jar:/home/jamal/.m2/repository/asm/asm/3.1/asm-3.1.jar:/home/jamal/.m2/repository/org/hibernate/hibernate-core/3.3.1.GA/hibernate-core-3.3.1.GA.jar:/home/jamal/.m2/repository/antlr/antlr/2.7.6/antlr-2.7.6.jar:/home/jamal/.m2/repository/commons-collections/commons-collections/3.1/commons-collections-3.1.jar:/home/jamal/.m2/repository/dom4j/dom4j/1.6.1/dom4j-1.6.1.jar:/home/jamal/.m2/repository/xml-apis/xml-apis/1.0.b2/xml-apis-1.0.b2.jar:/home/jamal/.m2/repository/commons-logging/commons-logging/1.1.1/commons-logging-1.1.1.jar:/home/jamal/.m2/repository/org/hibernate/hibernate-commons-annotations/3.3.0.ga/hibernate-commons-annotations-3.3.0.ga.jar:/home/jamal/.m2/repository/javax/persistence/persistence-api/1.0/persistence-api-1.0.jar:/home/jamal/.m2/repository/org/hibernate/hibernate-entitymanager/3.3.2.GA/hibernate-entitymanager-3.3.2.GA.jar:/home/jamal/.m2/repository/org/hibernate/hibernate-annotations/3.3.1.GA/hibernate-annotations-3.3.1.GA.jar:/home/jamal/.m2/repository/org/hibernate/ejb3-persistence/1.0.1.GA/ejb3-persistence-1.0.1.GA.jar:/home/jamal/.m2/repository/javassist/javassist/3.4.GA/javassist-3.4.GA.jar:/home/jamal/.m2/repository/org/hibernate/hibernate-validator/3.1.0.GA/hibernate-validator-3.1.0.GA.jar:/home/jamal/.m2/repository/org/slf4j/slf4j-api/1.6.1/slf4j-api-1.6.1.jar:/home/jamal/.m2/repository/ch/qos/logback/logback-classic/0.9.28/logback-classic-0.9.28.jar:/home/jamal/.m2/repository/ch/qos/logback/logback-core/0.9.28/logback-core-0.9.28.jar:/home/jamal/.m2/repository/javax/transaction/jta/1.0.1B/jta-1.0.1B.jar:/home/jamal/.m2/repository/junit/junit/4.7/junit-4.7.jar:/home/jamal/.m2/repository/com/sun/faces/jsf-api/2.1.5/jsf-api-2.1.5.jar:/home/jamal/.m2/repository/com/sun/faces/jsf-impl/2.1.5/jsf-impl-2.1.5.jar:/home/jamal/.m2/repository/org/primefaces/primefaces/3.5/primefaces-3.5.jar:/home/jamal/.m2/repository/org/primefaces/themes/all-themes/1.0.9/all-themes-1.0.9.jar:/home/jamal/.m2/repository/javax/servlet/jstl/1.1.2/jstl-1.1.2.jar:/home/jamal/.m2/repository/javax/servlet/servlet-api/2.4/servlet-api-2.4.jar:/home/jamal/.m2/repository/org/springframework/spring-web/3.1.1.RELEASE/spring-web-3.1.1.RELEASE.jar:/home/jamal/.m2/repository/org/springframework/spring-aop/3.1.1.RELEASE/spring-aop-3.1.1.RELEASE.jar:/home/jamal/.m2/repository/org/springframework/spring-asm/3.1.1.RELEASE/spring-asm-3.1.1.RELEASE.jar:/home/jamal/.m2/repository/org/springframework/spring-aspects/3.1.1.RELEASE/spring-aspects-3.1.1.RELEASE.jar:/home/jamal/.m2/repository/org/springframework/spring-context-support/3.1.1.RELEASE/spring-context-support-3.1.1.RELEASE.jar:/home/jamal/.m2/repository/org/springframework/spring-expression/3.1.1.RELEASE/spring-expression-3.1.1.RELEASE.jar:/home/jamal/.m2/repository/org/springframework/spring-instrument/3.1.1.RELEASE/spring-instrument-3.1.1.RELEASE.jar:/home/jamal/.m2/repository/org/springframework/spring-instrument-tomcat/3.1.1.RELEASE/spring-instrument-tomcat-3.1.1.RELEASE.jar:/home/jamal/.m2/repository/org/springframework/spring-jdbc/3.1.1.RELEASE/spring-jdbc-3.1.1.RELEASE.jar:/home/jamal/.m2/repository/org/springframework/spring-jms/3.1.1.RELEASE/spring-jms-3.1.1.RELEASE.jar:/home/jamal/.m2/repository/org/springframework/spring-oxm/3.1.1.RELEASE/spring-oxm-3.1.1.RELEASE.jar:/home/jamal/.m2/repository/commons-lang/commons-lang/2.5/commons-lang-2.5.jar:/home/jamal/.m2/repository/org/springframework/spring-webmvc-portlet/3.1.1.RELEASE/spring-webmvc-portlet-3.1.1.RELEASE.jar:/home/jamal/.m2/repository/org/springframework/spring-webmvc/3.1.1.RELEASE/spring-webmvc-3.1.1.RELEASE.jar:/home/jamal/.m2/repository/org/springframework/spring-struts/3.1.1.RELEASE/spring-struts-3.1.1.RELEASE.jar:/home/jamal/.m2/repository/struts/struts/1.2.9/struts-1.2.9.jar:/home/jamal/.m2/repository/commons-digester/commons-digester/1.6/commons-digester-1.6.jar:/home/jamal/.m2/repository/commons-fileupload/commons-fileupload/1.0/commons-fileupload-1.0.jar:/home/jamal/.m2/repository/commons-validator/commons-validator/1.1.4/commons-validator-1.1.4.jar:/home/jamal/.m2/repository/oro/oro/2.0.7/oro-2.0.7.jar:/home/jamal/.m2/repository/xalan/xalan/2.5.1/xalan-2.5.1.jar:/home/jamal/.m2/repository/commons-beanutils/commons-beanutils/1.7.0/commons-beanutils-1.7.0.jar:/home/jamal/.m2/repository/taglibs/standard/1.1.2/standard-1.1.2.jar:/home/jamal/.m2/repository/org/hibernate/hibernate/3.2.5.ga/hibernate-3.2.5.ga.jar:/home/jamal/.m2/repository/net/sf/ehcache/ehcache/1.2.3/ehcache-1.2.3.jar:/home/jamal/.m2/repository/asm/asm-attrs/1.5.3/asm-attrs-1.5.3.jar:/home/jamal/.m2/repository/javax/sql/jdbc-stdext/2.0/jdbc-stdext-2.0.jar:/home/jamal/.m2/repository/unknown/binary/derbyclient/SNAPSHOT/derbyclient-SNAPSHOT.jar:/home/jamal/.m2/repository/unknown/binary/derby/SNAPSHOT/derby-SNAPSHOT.jar:/home/jamal/.m2/repository/org/springframework/security/spring-security-core/3.1.3.RELEASE/spring-security-core-3.1.3.RELEASE.jar:/home/jamal/.m2/repository/org/springframework/security/spring-security-web/3.0.5.RELEASE/spring-security-web-3.0.5.RELEASE.jar:/home/jamal/.m2/repository/org/springframework/security/spring-security-config/3.0.5.RELEASE/spring-security-config-3.0.5.RELEASE.jar:, hibernate.bytecode.use_reflection_optimizer=false, hibernate.show_sql=true, java.vm.specification.version=1.0, sun.arch.data.model=32, java.home=/usr/lib/jvm/java-6-openjdk/jre, sun.java.command=/home/jamal/Documents/WorkSpaceProjetStage/RH_SQLI_2014/target/surefire/surefirebooter9067414612031656084.jar /home/jamal/Documents/WorkSpaceProjetStage/RH_SQLI_2014/target/surefire/surefire6375736108380332772tmp /home/jamal/Documents/WorkSpaceProjetStage/RH_SQLI_2014/target/surefire/surefire8945467781487177267tmp, hibernate.dialect=org.hibernate.dialect.MySQLDialect, java.specification.vendor=Sun Microsystems Inc., user.language=fr, java.vm.info=mixed mode, java.version=1.6.0_27, java.ext.dirs=/usr/lib/jvm/java-6-openjdk/jre/lib/ext:/usr/java/packages/lib/ext, sun.boot.class.path=/usr/lib/jvm/java-6-openjdk/jre/lib/resources.jar:/usr/lib/jvm/java-6-openjdk/jre/lib/rt.jar:/usr/lib/jvm/java-6-openjdk/jre/lib/sunrsasign.jar:/usr/lib/jvm/java-6-openjdk/jre/lib/jsse.jar:/usr/lib/jvm/java-6-openjdk/jre/lib/jce.jar:/usr/lib/jvm/java-6-openjdk/jre/lib/charsets.jar:/usr/lib/jvm/java-6-openjdk/jre/lib/netx.jar:/usr/lib/jvm/java-6-openjdk/jre/lib/plugin.jar:/usr/lib/jvm/java-6-openjdk/jre/lib/rhino.jar:/usr/lib/jvm/java-6-openjdk/jre/lib/modules/jdk.boot.jar:/usr/lib/jvm/java-6-openjdk/jre/classes, java.vendor=Sun Microsystems Inc., localRepository=/home/jamal/.m2/repository, file.separator=/, java.vendor.url.bug=http://java.sun.com/cgi-bin/bugreport.cgi, hibernate.hbm2ddl.auto=update, hibernate.connection.provider_class=org.springframework.orm.hibernate3.LocalDataSourceConnectionProvider, sun.cpu.endian=little, sun.io.unicode.encoding=UnicodeLittle, sun.desktop=gnome, sun.cpu.isalist=}
13:08:46.726 [main] DEBUG o.h.p.entity.AbstractEntityPersister - Static SQL for entity: com.sqli.beans.Competence
13:08:46.726 [main] DEBUG o.h.p.entity.AbstractEntityPersister -  Version select: select Id_competence from chalenger.competence where Id_competence =?
13:08:46.727 [main] DEBUG o.h.p.entity.AbstractEntityPersister -  Snapshot select: select competence_.Id_competence, competence_.Libele_competence as Libele2_2_ from chalenger.competence competence_ where competence_.Id_competence=?
13:08:46.727 [main] DEBUG o.h.p.entity.AbstractEntityPersister -  Insert 0: insert into chalenger.competence (Libele_competence, Id_competence) values (?, ?)
13:08:46.727 [main] DEBUG o.h.p.entity.AbstractEntityPersister -  Update 0: update chalenger.competence set Libele_competence=? where Id_competence=?
13:08:46.727 [main] DEBUG o.h.p.entity.AbstractEntityPersister -  Delete 0: delete from chalenger.competence where Id_competence=?
13:08:46.732 [main] DEBUG o.h.p.entity.AbstractEntityPersister - Static SQL for entity: com.sqli.beans.Profile
13:08:46.732 [main] DEBUG o.h.p.entity.AbstractEntityPersister -  Version select: select Id_profile from chalenger.profile where Id_profile =?
13:08:46.733 [main] DEBUG o.h.p.entity.AbstractEntityPersister -  Snapshot select: select profile_.Id_profile, profile_.Libelle_profile as Libelle2_9_ from chalenger.profile profile_ where profile_.Id_profile=?
13:08:46.733 [main] DEBUG o.h.p.entity.AbstractEntityPersister -  Insert 0: insert into chalenger.profile (Libelle_profile, Id_profile) values (?, ?)
13:08:46.733 [main] DEBUG o.h.p.entity.AbstractEntityPersister -  Update 0: update chalenger.profile set Libelle_profile=? where Id_profile=?
13:08:46.733 [main] DEBUG o.h.p.entity.AbstractEntityPersister -  Delete 0: delete from chalenger.profile where Id_profile=?
13:08:46.740 [main] DEBUG o.h.p.entity.AbstractEntityPersister - Static SQL for entity: com.sqli.beans.User
13:08:46.741 [main] DEBUG o.h.p.entity.AbstractEntityPersister -  Version select: select Id_user from chalenger.user where Id_user =?
13:08:46.741 [main] DEBUG o.h.p.entity.AbstractEntityPersister -  Snapshot select: select user_.Id_user, user_.Duree as Duree11_, user_.Lgin as Lgin11_, user_.Id_manager_RH as Id5_11_, user_.Matricule as Matricule11_, user_.Password as Password11_, user_.id_profile as id7_11_ from chalenger.user user_ where user_.Id_user=?
13:08:46.742 [main] DEBUG o.h.p.entity.AbstractEntityPersister -  Insert 0: insert into chalenger.user (Duree, Lgin, Id_manager_RH, Matricule, Password, id_profile, Id_user) values (?, ?, ?, ?, ?, ?, ?)
13:08:46.742 [main] DEBUG o.h.p.entity.AbstractEntityPersister -  Update 0: update chalenger.user set Duree=?, Lgin=?, Id_manager_RH=?, Matricule=?, Password=?, id_profile=? where Id_user=?
13:08:46.742 [main] DEBUG o.h.p.entity.AbstractEntityPersister -  Delete 0: delete from chalenger.user where Id_user=?
13:08:46.747 [main] DEBUG o.h.p.entity.AbstractEntityPersister - Static SQL for entity: com.sqli.beans.Ecole
13:08:46.748 [main] DEBUG o.h.p.entity.AbstractEntityPersister -  Version select: select Id_ecole from chalenger.ecole where Id_ecole =?
13:08:46.748 [main] DEBUG o.h.p.entity.AbstractEntityPersister -  Snapshot select: select ecole_.Id_ecole, ecole_.Libelle_ecole as Libelle2_4_, ecole_.Type_ecole as Type3_4_ from chalenger.ecole ecole_ where ecole_.Id_ecole=?
13:08:46.749 [main] DEBUG o.h.p.entity.AbstractEntityPersister -  Insert 0: insert into chalenger.ecole (Libelle_ecole, Type_ecole, Id_ecole) values (?, ?, ?)
13:08:46.749 [main] DEBUG o.h.p.entity.AbstractEntityPersister -  Update 0: update chalenger.ecole set Libelle_ecole=?, Type_ecole=? where Id_ecole=?
13:08:46.749 [main] DEBUG o.h.p.entity.AbstractEntityPersister -  Delete 0: delete from chalenger.ecole where Id_ecole=?
13:08:46.766 [main] DEBUG o.h.p.entity.AbstractEntityPersister - Static SQL for entity: com.sqli.beans.Collaborateur
13:08:46.767 [main] DEBUG o.h.p.entity.AbstractEntityPersister -  Version select: select Matricule from chalenger.collaborateur where Matricule =?
13:08:46.767 [main] DEBUG o.h.p.entity.AbstractEntityPersister -  Snapshot select: select collaborat_.Matricule, collaborat_.Abreviation as Abreviat2_1_, collaborat_.BU as BU1_, collaborat_.Date_Depart as Date4_1_, collaborat_.Date_Embauche as Date5_1_, collaborat_.Date_PSI as Date6_1_, collaborat_.Email as Email1_, collaborat_.Id_manager_RH_actuel as Id15_1_, collaborat_.Man_Matricule_actuel as Man16_1_, collaborat_.Id_manager_RH_ancien as Id17_1_, collaborat_.Man_Matricule_ancien as Man18_1_, collaborat_.Mois_BAP_ as Mois8_1_, collaborat_.Nom as Nom1_, collaborat_.Prenom as Prenom1_, collaborat_.PSI as PSI1_, collaborat_.Sexe as Sexe1_, collaborat_.Site_ as Site13_1_, collaborat_.Statut_MRH as Statut14_1_ from chalenger.collaborateur collaborat_ where collaborat_.Matricule=?
13:08:46.767 [main] DEBUG o.h.p.entity.AbstractEntityPersister -  Insert 0: insert into chalenger.collaborateur (Abreviation, BU, Date_Depart, Date_Embauche, Date_PSI, Email, Id_manager_RH_actuel, Man_Matricule_actuel, Id_manager_RH_ancien, Man_Matricule_ancien, Mois_BAP_, Nom, Prenom, PSI, Sexe, Site_, Statut_MRH, Matricule) values (?, ?, ?, ?, ?, ?, ?, ?, ?, ?, ?, ?, ?, ?, ?, ?, ?, ?)
13:08:46.768 [main] DEBUG o.h.p.entity.AbstractEntityPersister -  Update 0: update chalenger.collaborateur set Abreviation=?, BU=?, Date_Depart=?, Date_Embauche=?, Date_PSI=?, Email=?, Id_manager_RH_actuel=?, Man_Matricule_actuel=?, Id_manager_RH_ancien=?, Man_Matricule_ancien=?, Mois_BAP_=?, Nom=?, Prenom=?, PSI=?, Sexe=?, Site_=?, Statut_MRH=? where Matricule=?
13:08:46.769 [main] DEBUG o.h.p.entity.AbstractEntityPersister -  Delete 0: delete from chalenger.collaborateur where Matricule=?
13:08:46.775 [main] DEBUG o.h.p.entity.AbstractEntityPersister - Static SQL for entity: com.sqli.beans.Diplome
13:08:46.775 [main] DEBUG o.h.p.entity.AbstractEntityPersister -  Version select: select Id_diplome from chalenger.diplome where Id_diplome =?
13:08:46.776 [main] DEBUG o.h.p.entity.AbstractEntityPersister -  Snapshot select: select diplome_.Id_diplome, diplome_.libelle_diplome as libelle2_3_, diplome_.Type_diplome as Type3_3_ from chalenger.diplome diplome_ where diplome_.Id_diplome=?
13:08:46.776 [main] DEBUG o.h.p.entity.AbstractEntityPersister -  Insert 0: insert into chalenger.diplome (libelle_diplome, Type_diplome, Id_diplome) values (?, ?, ?)
13:08:46.776 [main] DEBUG o.h.p.entity.AbstractEntityPersister -  Update 0: update chalenger.diplome set libelle_diplome=?, Type_diplome=? where Id_diplome=?
13:08:46.777 [main] DEBUG o.h.p.entity.AbstractEntityPersister -  Delete 0: delete from chalenger.diplome where Id_diplome=?
13:08:46.783 [main] DEBUG o.h.p.entity.AbstractEntityPersister - Static SQL for entity: com.sqli.beans.ManagerRh
13:08:46.783 [main] DEBUG o.h.p.entity.AbstractEntityPersister -  Version select: select Id_manager_RH, Matricule from chalenger.manager_rh where Id_manager_RH =? and Matricule =?
13:08:46.783 [main] DEBUG o.h.p.entity.AbstractEntityPersister -  Snapshot select: select managerrh_.Id_manager_RH, managerrh_.Matricule from chalenger.manager_rh managerrh_ where managerrh_.Id_manager_RH=? and managerrh_.Matricule=?
13:08:46.784 [main] DEBUG o.h.p.entity.AbstractEntityPersister -  Insert 0: insert into chalenger.manager_rh (Id_manager_RH, Matricule) values (?, ?)
13:08:46.784 [main] DEBUG o.h.p.entity.AbstractEntityPersister -  Update 0: null
13:08:46.784 [main] DEBUG o.h.p.entity.AbstractEntityPersister -  Delete 0: delete from chalenger.manager_rh where Id_manager_RH=? and Matricule=?
13:08:46.799 [main] DEBUG o.h.p.entity.AbstractEntityPersister - Static SQL for entity: com.sqli.beans.Poste
13:08:46.800 [main] DEBUG o.h.p.entity.AbstractEntityPersister -  Version select: select Id_poste from chalenger.poste where Id_poste =?
13:08:46.800 [main] DEBUG o.h.p.entity.AbstractEntityPersister -  Snapshot select: select poste_.Id_poste, poste_.Libelle_poste1 as Libelle2_8_, poste_.Libelle_poste2 as Libelle3_8_ from chalenger.poste poste_ where poste_.Id_poste=?
13:08:46.801 [main] DEBUG o.h.p.entity.AbstractEntityPersister -  Insert 0: insert into chalenger.poste (Libelle_poste1, Libelle_poste2, Id_poste) values (?, ?, ?)
13:08:46.801 [main] DEBUG o.h.p.entity.AbstractEntityPersister -  Update 0: update chalenger.poste set Libelle_poste1=?, Libelle_poste2=? where Id_poste=?
13:08:46.801 [main] DEBUG o.h.p.entity.AbstractEntityPersister -  Delete 0: delete from chalenger.poste where Id_poste=?
13:08:46.807 [main] DEBUG o.h.p.entity.AbstractEntityPersister - Static SQL for entity: com.sqli.beans.ObtenirDiplome
13:08:46.808 [main] DEBUG o.h.p.entity.AbstractEntityPersister -  Version select: select id_obtention from chalenger.obtenir_diplome where id_obtention =?
13:08:46.808 [main] DEBUG o.h.p.entity.AbstractEntityPersister -  Snapshot select: select obtenirdip_.id_obtention, obtenirdip_.Matricule as Matricule7_, obtenirdip_.Id_diplome as Id4_7_, obtenirdip_.Id_ecole as Id5_7_, obtenirdip_.promotion as promotion7_ from chalenger.obtenir_diplome obtenirdip_ where obtenirdip_.id_obtention=?
13:08:46.808 [main] DEBUG o.h.p.entity.AbstractEntityPersister -  Insert 0: insert into chalenger.obtenir_diplome (Matricule, Id_diplome, Id_ecole, promotion, id_obtention) values (?, ?, ?, ?, ?)
13:08:46.808 [main] DEBUG o.h.p.entity.AbstractEntityPersister -  Update 0: update chalenger.obtenir_diplome set Matricule=?, Id_diplome=?, Id_ecole=?, promotion=? where id_obtention=?
13:08:46.809 [main] DEBUG o.h.p.entity.AbstractEntityPersister -  Delete 0: delete from chalenger.obtenir_diplome where id_obtention=?
13:08:46.813 [main] DEBUG o.h.p.entity.AbstractEntityPersister - Static SQL for entity: com.sqli.beans.Technologie
13:08:46.814 [main] DEBUG o.h.p.entity.AbstractEntityPersister -  Version select: select Id_technologie from chalenger.technologie where Id_technologie =?
13:08:46.814 [main] DEBUG o.h.p.entity.AbstractEntityPersister -  Snapshot select: select technologi_.Id_technologie, technologi_.Libelle_technologie as Libelle2_10_ from chalenger.technologie technologi_ where technologi_.Id_technologie=?
13:08:46.815 [main] DEBUG o.h.p.entity.AbstractEntityPersister -  Insert 0: insert into chalenger.technologie (Libelle_technologie, Id_technologie) values (?, ?)
13:08:46.815 [main] DEBUG o.h.p.entity.AbstractEntityPersister -  Update 0: update chalenger.technologie set Libelle_technologie=? where Id_technologie=?
13:08:46.815 [main] DEBUG o.h.p.entity.AbstractEntityPersister -  Delete 0: delete from chalenger.technologie where Id_technologie=?
13:08:46.821 [main] DEBUG o.h.p.entity.AbstractEntityPersister - Static SQL for entity: com.sqli.beans.Niveau
13:08:46.822 [main] DEBUG o.h.p.entity.AbstractEntityPersister -  Version select: select Id_niveau from chalenger.niveau where Id_niveau =?
13:08:46.822 [main] DEBUG o.h.p.entity.AbstractEntityPersister -  Snapshot select: select niveau_.Id_niveau, niveau_.Matricule as Matricule6_, niveau_.Id_competence as Id4_6_, niveau_.Niveau as Niveau6_, niveau_.Id_technologie as Id5_6_ from chalenger.niveau niveau_ where niveau_.Id_niveau=?
13:08:46.822 [main] DEBUG o.h.p.entity.AbstractEntityPersister -  Insert 0: insert into chalenger.niveau (Matricule, Id_competence, Niveau, Id_technologie, Id_niveau) values (?, ?, ?, ?, ?)
13:08:46.823 [main] DEBUG o.h.p.entity.AbstractEntityPersister -  Update 0: update chalenger.niveau set Matricule=?, Id_competence=?, Niveau=?, Id_technologie=? where Id_niveau=?
13:08:46.823 [main] DEBUG o.h.p.entity.AbstractEntityPersister -  Delete 0: delete from chalenger.niveau where Id_niveau=?
13:08:46.844 [main] DEBUG o.h.p.entity.AbstractEntityPersister - Static SQL for entity: com.sqli.beans.Archivage
13:08:46.845 [main] DEBUG o.h.p.entity.AbstractEntityPersister -  Version select: select Id_archivage from chalenger.archivage where Id_archivage =?
13:08:46.846 [main] DEBUG o.h.p.entity.AbstractEntityPersister -  Snapshot select: select archivage_.Id_archivage, archivage_.Matricule as Matricule0_, archivage_.Date as Date0_, archivage_.Id_poste as Id5_0_, archivage_.Salaire as Salaire0_ from chalenger.archivage archivage_ where archivage_.Id_archivage=?
13:08:46.846 [main] DEBUG o.h.p.entity.AbstractEntityPersister -  Insert 0: insert into chalenger.archivage (Matricule, Date, Id_poste, Salaire, Id_archivage) values (?, ?, ?, ?, ?)
13:08:46.846 [main] DEBUG o.h.p.entity.AbstractEntityPersister -  Update 0: update chalenger.archivage set Matricule=?, Date=?, Id_poste=?, Salaire=? where Id_archivage=?
13:08:46.846 [main] DEBUG o.h.p.entity.AbstractEntityPersister -  Delete 0: delete from chalenger.archivage where Id_archivage=?
13:08:46.859 [main] DEBUG o.h.p.c.AbstractCollectionPersister - Static SQL for collection: com.sqli.beans.Technologie.niveaus
13:08:46.860 [main] DEBUG o.h.p.c.AbstractCollectionPersister -  Row insert: update chalenger.niveau set Id_technologie=? where Id_niveau=?
13:08:46.860 [main] DEBUG o.h.p.c.AbstractCollectionPersister -  Row delete: update chalenger.niveau set Id_technologie=null where Id_technologie=? and Id_niveau=?
13:08:46.860 [main] DEBUG o.h.p.c.AbstractCollectionPersister -  One-shot delete: update chalenger.niveau set Id_technologie=null where Id_technologie=?
13:08:46.861 [main] DEBUG o.h.p.c.AbstractCollectionPersister - Static SQL for collection: com.sqli.beans.Profile.users
13:08:46.861 [main] DEBUG o.h.p.c.AbstractCollectionPersister -  Row insert: update chalenger.user set id_profile=? where Id_user=?
13:08:46.861 [main] DEBUG o.h.p.c.AbstractCollectionPersister -  Row delete: update chalenger.user set id_profile=null where id_profile=? and Id_user=?
13:08:46.861 [main] DEBUG o.h.p.c.AbstractCollectionPersister -  One-shot delete: update chalenger.user set id_profile=null where id_profile=?
13:08:46.862 [main] DEBUG o.h.p.c.AbstractCollectionPersister - Static SQL for collection: com.sqli.beans.ManagerRh.users
13:08:46.862 [main] DEBUG o.h.p.c.AbstractCollectionPersister -  Row insert: update chalenger.user set Id_manager_RH=?, Matricule=? where Id_user=?
13:08:46.862 [main] DEBUG o.h.p.c.AbstractCollectionPersister -  Row delete: update chalenger.user set Id_manager_RH=null, Matricule=null where Id_manager_RH=? and Matricule=? and Id_user=?
13:08:46.862 [main] DEBUG o.h.p.c.AbstractCollectionPersister -  One-shot delete: update chalenger.user set Id_manager_RH=null, Matricule=null where Id_manager_RH=? and Matricule=?
13:08:46.862 [main] DEBUG o.h.p.c.AbstractCollectionPersister - Static SQL for collection: com.sqli.beans.Collaborateur.niveaus
13:08:46.863 [main] DEBUG o.h.p.c.AbstractCollectionPersister -  Row insert: update chalenger.niveau set Matricule=? where Id_niveau=?
13:08:46.863 [main] DEBUG o.h.p.c.AbstractCollectionPersister -  Row delete: update chalenger.niveau set Matricule=null where Matricule=? and Id_niveau=?
13:08:46.863 [main] DEBUG o.h.p.c.AbstractCollectionPersister -  One-shot delete: update chalenger.niveau set Matricule=null where Matricule=?
13:08:46.863 [main] DEBUG o.h.p.c.AbstractCollectionPersister - Static SQL for collection: com.sqli.beans.ManagerRh.collaborateursForFkEncienMrh
13:08:46.863 [main] DEBUG o.h.p.c.AbstractCollectionPersister -  Row insert: update chalenger.collaborateur set Id_manager_RH_ancien=?, Man_Matricule_ancien=? where Matricule=?
13:08:46.863 [main] DEBUG o.h.p.c.AbstractCollectionPersister -  Row delete: update chalenger.collaborateur set Id_manager_RH_ancien=null, Man_Matricule_ancien=null where Id_manager_RH_ancien=? and Man_Matricule_ancien=? and Matricule=?
13:08:46.864 [main] DEBUG o.h.p.c.AbstractCollectionPersister -  One-shot delete: update chalenger.collaborateur set Id_manager_RH_ancien=null, Man_Matricule_ancien=null where Id_manager_RH_ancien=? and Man_Matricule_ancien=?
13:08:46.864 [main] DEBUG o.h.p.c.AbstractCollectionPersister - Static SQL for collection: com.sqli.beans.Competence.niveaus
13:08:46.864 [main] DEBUG o.h.p.c.AbstractCollectionPersister -  Row insert: update chalenger.niveau set Id_competence=? where Id_niveau=?
13:08:46.864 [main] DEBUG o.h.p.c.AbstractCollectionPersister -  Row delete: update chalenger.niveau set Id_competence=null where Id_competence=? and Id_niveau=?
13:08:46.864 [main] DEBUG o.h.p.c.AbstractCollectionPersister -  One-shot delete: update chalenger.niveau set Id_competence=null where Id_competence=?
13:08:46.865 [main] DEBUG o.h.p.c.AbstractCollectionPersister - Static SQL for collection: com.sqli.beans.Diplome.obtenirDiplomes
13:08:46.865 [main] DEBUG o.h.p.c.AbstractCollectionPersister -  Row insert: update chalenger.obtenir_diplome set Id_diplome=? where id_obtention=?
13:08:46.865 [main] DEBUG o.h.p.c.AbstractCollectionPersister -  Row delete: update chalenger.obtenir_diplome set Id_diplome=null where Id_diplome=? and id_obtention=?
13:08:46.865 [main] DEBUG o.h.p.c.AbstractCollectionPersister -  One-shot delete: update chalenger.obtenir_diplome set Id_diplome=null where Id_diplome=?
13:08:46.865 [main] DEBUG o.h.p.c.AbstractCollectionPersister - Static SQL for collection: com.sqli.beans.Collaborateur.managerRhs
13:08:46.865 [main] DEBUG o.h.p.c.AbstractCollectionPersister -  Row insert: update chalenger.manager_rh set Matricule=? where Id_manager_RH=? and Matricule=?
13:08:46.866 [main] DEBUG o.h.p.c.AbstractCollectionPersister -  Row delete: update chalenger.manager_rh set Matricule=null where Matricule=? and Id_manager_RH=? and Matricule=?
13:08:46.866 [main] DEBUG o.h.p.c.AbstractCollectionPersister -  One-shot delete: update chalenger.manager_rh set Matricule=null where Matricule=?
13:08:46.866 [main] DEBUG o.h.p.c.AbstractCollectionPersister - Static SQL for collection: com.sqli.beans.Collaborateur.archivages
13:08:46.866 [main] DEBUG o.h.p.c.AbstractCollectionPersister -  Row insert: update chalenger.archivage set Matricule=? where Id_archivage=?
13:08:46.866 [main] DEBUG o.h.p.c.AbstractCollectionPersister -  Row delete: update chalenger.archivage set Matricule=null where Matricule=? and Id_archivage=?
13:08:46.866 [main] DEBUG o.h.p.c.AbstractCollectionPersister -  One-shot delete: update chalenger.archivage set Matricule=null where Matricule=?
13:08:46.867 [main] DEBUG o.h.p.c.AbstractCollectionPersister - Static SQL for collection: com.sqli.beans.ManagerRh.collaborateursForFkActuelMrh
13:08:46.867 [main] DEBUG o.h.p.c.AbstractCollectionPersister -  Row insert: update chalenger.collaborateur set Id_manager_RH_actuel=?, Man_Matricule_actuel=? where Matricule=?
13:08:46.867 [main] DEBUG o.h.p.c.AbstractCollectionPersister -  Row delete: update chalenger.collaborateur set Id_manager_RH_actuel=null, Man_Matricule_actuel=null where Id_manager_RH_actuel=? and Man_Matricule_actuel=? and Matricule=?
13:08:46.867 [main] DEBUG o.h.p.c.AbstractCollectionPersister -  One-shot delete: update chalenger.collaborateur set Id_manager_RH_actuel=null, Man_Matricule_actuel=null where Id_manager_RH_actuel=? and Man_Matricule_actuel=?
13:08:46.867 [main] DEBUG o.h.p.c.AbstractCollectionPersister - Static SQL for collection: com.sqli.beans.Collaborateur.obtenirDiplomes
13:08:46.868 [main] DEBUG o.h.p.c.AbstractCollectionPersister -  Row insert: update chalenger.obtenir_diplome set Matricule=? where id_obtention=?
13:08:46.868 [main] DEBUG o.h.p.c.AbstractCollectionPersister -  Row delete: update chalenger.obtenir_diplome set Matricule=null where Matricule=? and id_obtention=?
13:08:46.868 [main] DEBUG o.h.p.c.AbstractCollectionPersister -  One-shot delete: update chalenger.obtenir_diplome set Matricule=null where Matricule=?
13:08:46.868 [main] DEBUG o.h.p.c.AbstractCollectionPersister - Static SQL for collection: com.sqli.beans.Poste.archivages
13:08:46.868 [main] DEBUG o.h.p.c.AbstractCollectionPersister -  Row insert: update chalenger.archivage set Id_poste=? where Id_archivage=?
13:08:46.868 [main] DEBUG o.h.p.c.AbstractCollectionPersister -  Row delete: update chalenger.archivage set Id_poste=null where Id_poste=? and Id_archivage=?
13:08:46.868 [main] DEBUG o.h.p.c.AbstractCollectionPersister -  One-shot delete: update chalenger.archivage set Id_poste=null where Id_poste=?
13:08:46.869 [main] DEBUG o.h.p.c.AbstractCollectionPersister - Static SQL for collection: com.sqli.beans.Ecole.obtenirDiplomes
13:08:46.869 [main] DEBUG o.h.p.c.AbstractCollectionPersister -  Row insert: update chalenger.obtenir_diplome set Id_ecole=? where id_obtention=?
13:08:46.869 [main] DEBUG o.h.p.c.AbstractCollectionPersister -  Row delete: update chalenger.obtenir_diplome set Id_ecole=null where Id_ecole=? and id_obtention=?
13:08:46.869 [main] DEBUG o.h.p.c.AbstractCollectionPersister -  One-shot delete: update chalenger.obtenir_diplome set Id_ecole=null where Id_ecole=?
13:08:46.916 [main] DEBUG o.h.loader.entity.EntityLoader - Static select for entity com.sqli.beans.Competence: select competence0_.Id_competence as Id1_2_0_, competence0_.Libele_competence as Libele2_2_0_ from chalenger.competence competence0_ where competence0_.Id_competence=?
13:08:46.916 [main] DEBUG o.h.loader.entity.EntityLoader - Static select for entity com.sqli.beans.Competence: select competence0_.Id_competence as Id1_2_0_, competence0_.Libele_competence as Libele2_2_0_ from chalenger.competence competence0_ where competence0_.Id_competence=?
13:08:46.917 [main] DEBUG o.h.loader.entity.EntityLoader - Static select for entity com.sqli.beans.Competence: select competence0_.Id_competence as Id1_2_0_, competence0_.Libele_competence as Libele2_2_0_ from chalenger.competence competence0_ where competence0_.Id_competence=? for update
13:08:46.917 [main] DEBUG o.h.loader.entity.EntityLoader - Static select for entity com.sqli.beans.Competence: select competence0_.Id_competence as Id1_2_0_, competence0_.Libele_competence as Libele2_2_0_ from chalenger.competence competence0_ where competence0_.Id_competence=? for update
13:08:46.917 [main] DEBUG o.h.loader.entity.EntityLoader - Static select for entity com.sqli.beans.Competence: select competence0_.Id_competence as Id1_2_0_, competence0_.Libele_competence as Libele2_2_0_ from chalenger.competence competence0_ where competence0_.Id_competence=? for update
13:08:46.954 [main] DEBUG o.h.loader.entity.EntityLoader - Static select for action ACTION_MERGE on entity com.sqli.beans.Competence: select competence0_.Id_competence as Id1_2_0_, competence0_.Libele_competence as Libele2_2_0_ from chalenger.competence competence0_ where competence0_.Id_competence=?
13:08:46.954 [main] DEBUG o.h.loader.entity.EntityLoader - Static select for action ACTION_REFRESH on entity com.sqli.beans.Competence: select competence0_.Id_competence as Id1_2_0_, competence0_.Libele_competence as Libele2_2_0_ from chalenger.competence competence0_ where competence0_.Id_competence=?
13:08:46.954 [main] DEBUG o.h.loader.entity.EntityLoader - Static select for entity com.sqli.beans.Profile: select profile0_.Id_profile as Id1_9_0_, profile0_.Libelle_profile as Libelle2_9_0_ from chalenger.profile profile0_ where profile0_.Id_profile=?
13:08:46.955 [main] DEBUG o.h.loader.entity.EntityLoader - Static select for entity com.sqli.beans.Profile: select profile0_.Id_profile as Id1_9_0_, profile0_.Libelle_profile as Libelle2_9_0_ from chalenger.profile profile0_ where profile0_.Id_profile=?
13:08:46.955 [main] DEBUG o.h.loader.entity.EntityLoader - Static select for entity com.sqli.beans.Profile: select profile0_.Id_profile as Id1_9_0_, profile0_.Libelle_profile as Libelle2_9_0_ from chalenger.profile profile0_ where profile0_.Id_profile=? for update
13:08:46.960 [main] DEBUG o.h.loader.entity.EntityLoader - Static select for entity com.sqli.beans.Profile: select profile0_.Id_profile as Id1_9_0_, profile0_.Libelle_profile as Libelle2_9_0_ from chalenger.profile profile0_ where profile0_.Id_profile=? for update
13:08:46.961 [main] DEBUG o.h.loader.entity.EntityLoader - Static select for entity com.sqli.beans.Profile: select profile0_.Id_profile as Id1_9_0_, profile0_.Libelle_profile as Libelle2_9_0_ from chalenger.profile profile0_ where profile0_.Id_profile=? for update
13:08:46.961 [main] DEBUG o.h.loader.entity.EntityLoader - Static select for action ACTION_MERGE on entity com.sqli.beans.Profile: select profile0_.Id_profile as Id1_9_0_, profile0_.Libelle_profile as Libelle2_9_0_ from chalenger.profile profile0_ where profile0_.Id_profile=?
13:08:46.962 [main] DEBUG o.h.loader.entity.EntityLoader - Static select for action ACTION_REFRESH on entity com.sqli.beans.Profile: select profile0_.Id_profile as Id1_9_0_, profile0_.Libelle_profile as Libelle2_9_0_ from chalenger.profile profile0_ where profile0_.Id_profile=?
13:08:46.962 [main] DEBUG o.h.loader.entity.EntityLoader - Static select for entity com.sqli.beans.Collaborateur: select collaborat0_.Matricule as Matricule1_0_, collaborat0_.Abreviation as Abreviat2_1_0_, collaborat0_.BU as BU1_0_, collaborat0_.Date_Depart as Date4_1_0_, collaborat0_.Date_Embauche as Date5_1_0_, collaborat0_.Date_PSI as Date6_1_0_, collaborat0_.Email as Email1_0_, collaborat0_.Id_manager_RH_actuel as Id15_1_0_, collaborat0_.Man_Matricule_actuel as Man16_1_0_, collaborat0_.Id_manager_RH_ancien as Id17_1_0_, collaborat0_.Man_Matricule_ancien as Man18_1_0_, collaborat0_.Mois_BAP_ as Mois8_1_0_, collaborat0_.Nom as Nom1_0_, collaborat0_.Prenom as Prenom1_0_, collaborat0_.PSI as PSI1_0_, collaborat0_.Sexe as Sexe1_0_, collaborat0_.Site_ as Site13_1_0_, collaborat0_.Statut_MRH as Statut14_1_0_ from chalenger.collaborateur collaborat0_ where collaborat0_.Matricule=?
13:08:46.963 [main] DEBUG o.h.loader.entity.EntityLoader - Static select for entity com.sqli.beans.Collaborateur: select collaborat0_.Matricule as Matricule1_0_, collaborat0_.Abreviation as Abreviat2_1_0_, collaborat0_.BU as BU1_0_, collaborat0_.Date_Depart as Date4_1_0_, collaborat0_.Date_Embauche as Date5_1_0_, collaborat0_.Date_PSI as Date6_1_0_, collaborat0_.Email as Email1_0_, collaborat0_.Id_manager_RH_actuel as Id15_1_0_, collaborat0_.Man_Matricule_actuel as Man16_1_0_, collaborat0_.Id_manager_RH_ancien as Id17_1_0_, collaborat0_.Man_Matricule_ancien as Man18_1_0_, collaborat0_.Mois_BAP_ as Mois8_1_0_, collaborat0_.Nom as Nom1_0_, collaborat0_.Prenom as Prenom1_0_, collaborat0_.PSI as PSI1_0_, collaborat0_.Sexe as Sexe1_0_, collaborat0_.Site_ as Site13_1_0_, collaborat0_.Statut_MRH as Statut14_1_0_ from chalenger.collaborateur collaborat0_ where collaborat0_.Matricule=?
13:08:46.964 [main] DEBUG o.h.loader.entity.EntityLoader - Static select for entity com.sqli.beans.Collaborateur: select collaborat0_.Matricule as Matricule1_0_, collaborat0_.Abreviation as Abreviat2_1_0_, collaborat0_.BU as BU1_0_, collaborat0_.Date_Depart as Date4_1_0_, collaborat0_.Date_Embauche as Date5_1_0_, collaborat0_.Date_PSI as Date6_1_0_, collaborat0_.Email as Email1_0_, collaborat0_.Id_manager_RH_actuel as Id15_1_0_, collaborat0_.Man_Matricule_actuel as Man16_1_0_, collaborat0_.Id_manager_RH_ancien as Id17_1_0_, collaborat0_.Man_Matricule_ancien as Man18_1_0_, collaborat0_.Mois_BAP_ as Mois8_1_0_, collaborat0_.Nom as Nom1_0_, collaborat0_.Prenom as Prenom1_0_, collaborat0_.PSI as PSI1_0_, collaborat0_.Sexe as Sexe1_0_, collaborat0_.Site_ as Site13_1_0_, collaborat0_.Statut_MRH as Statut14_1_0_ from chalenger.collaborateur collaborat0_ where collaborat0_.Matricule=? for update
13:08:46.965 [main] DEBUG o.h.loader.entity.EntityLoader - Static select for entity com.sqli.beans.Collaborateur: select collaborat0_.Matricule as Matricule1_0_, collaborat0_.Abreviation as Abreviat2_1_0_, collaborat0_.BU as BU1_0_, collaborat0_.Date_Depart as Date4_1_0_, collaborat0_.Date_Embauche as Date5_1_0_, collaborat0_.Date_PSI as Date6_1_0_, collaborat0_.Email as Email1_0_, collaborat0_.Id_manager_RH_actuel as Id15_1_0_, collaborat0_.Man_Matricule_actuel as Man16_1_0_, collaborat0_.Id_manager_RH_ancien as Id17_1_0_, collaborat0_.Man_Matricule_ancien as Man18_1_0_, collaborat0_.Mois_BAP_ as Mois8_1_0_, collaborat0_.Nom as Nom1_0_, collaborat0_.Prenom as Prenom1_0_, collaborat0_.PSI as PSI1_0_, collaborat0_.Sexe as Sexe1_0_, collaborat0_.Site_ as Site13_1_0_, collaborat0_.Statut_MRH as Statut14_1_0_ from chalenger.collaborateur collaborat0_ where collaborat0_.Matricule=? for update
13:08:46.966 [main] DEBUG o.h.loader.entity.EntityLoader - Static select for entity com.sqli.beans.Collaborateur: select collaborat0_.Matricule as Matricule1_0_, collaborat0_.Abreviation as Abreviat2_1_0_, collaborat0_.BU as BU1_0_, collaborat0_.Date_Depart as Date4_1_0_, collaborat0_.Date_Embauche as Date5_1_0_, collaborat0_.Date_PSI as Date6_1_0_, collaborat0_.Email as Email1_0_, collaborat0_.Id_manager_RH_actuel as Id15_1_0_, collaborat0_.Man_Matricule_actuel as Man16_1_0_, collaborat0_.Id_manager_RH_ancien as Id17_1_0_, collaborat0_.Man_Matricule_ancien as Man18_1_0_, collaborat0_.Mois_BAP_ as Mois8_1_0_, collaborat0_.Nom as Nom1_0_, collaborat0_.Prenom as Prenom1_0_, collaborat0_.PSI as PSI1_0_, collaborat0_.Sexe as Sexe1_0_, collaborat0_.Site_ as Site13_1_0_, collaborat0_.Statut_MRH as Statut14_1_0_ from chalenger.collaborateur collaborat0_ where collaborat0_.Matricule=? for update
13:08:46.967 [main] DEBUG o.h.loader.entity.EntityLoader - Static select for action ACTION_MERGE on entity com.sqli.beans.Collaborateur: select collaborat0_.Matricule as Matricule1_0_, collaborat0_.Abreviation as Abreviat2_1_0_, collaborat0_.BU as BU1_0_, collaborat0_.Date_Depart as Date4_1_0_, collaborat0_.Date_Embauche as Date5_1_0_, collaborat0_.Date_PSI as Date6_1_0_, collaborat0_.Email as Email1_0_, collaborat0_.Id_manager_RH_actuel as Id15_1_0_, collaborat0_.Man_Matricule_actuel as Man16_1_0_, collaborat0_.Id_manager_RH_ancien as Id17_1_0_, collaborat0_.Man_Matricule_ancien as Man18_1_0_, collaborat0_.Mois_BAP_ as Mois8_1_0_, collaborat0_.Nom as Nom1_0_, collaborat0_.Prenom as Prenom1_0_, collaborat0_.PSI as PSI1_0_, collaborat0_.Sexe as Sexe1_0_, collaborat0_.Site_ as Site13_1_0_, collaborat0_.Statut_MRH as Statut14_1_0_ from chalenger.collaborateur collaborat0_ where collaborat0_.Matricule=?
13:08:46.967 [main] DEBUG o.h.loader.entity.EntityLoader - Static select for action ACTION_REFRESH on entity com.sqli.beans.Collaborateur: select collaborat0_.Matricule as Matricule1_0_, collaborat0_.Abreviation as Abreviat2_1_0_, collaborat0_.BU as BU1_0_, collaborat0_.Date_Depart as Date4_1_0_, collaborat0_.Date_Embauche as Date5_1_0_, collaborat0_.Date_PSI as Date6_1_0_, collaborat0_.Email as Email1_0_, collaborat0_.Id_manager_RH_actuel as Id15_1_0_, collaborat0_.Man_Matricule_actuel as Man16_1_0_, collaborat0_.Id_manager_RH_ancien as Id17_1_0_, collaborat0_.Man_Matricule_ancien as Man18_1_0_, collaborat0_.Mois_BAP_ as Mois8_1_0_, collaborat0_.Nom as Nom1_0_, collaborat0_.Prenom as Prenom1_0_, collaborat0_.PSI as PSI1_0_, collaborat0_.Sexe as Sexe1_0_, collaborat0_.Site_ as Site13_1_0_, collaborat0_.Statut_MRH as Statut14_1_0_ from chalenger.collaborateur collaborat0_ where collaborat0_.Matricule=?
13:08:46.968 [main] DEBUG o.h.loader.entity.EntityLoader - Static select for entity com.sqli.beans.Ecole: select ecole0_.Id_ecole as Id1_4_0_, ecole0_.Libelle_ecole as Libelle2_4_0_, ecole0_.Type_ecole as Type3_4_0_ from chalenger.ecole ecole0_ where ecole0_.Id_ecole=?
13:08:46.969 [main] DEBUG o.h.loader.entity.EntityLoader - Static select for entity com.sqli.beans.Ecole: select ecole0_.Id_ecole as Id1_4_0_, ecole0_.Libelle_ecole as Libelle2_4_0_, ecole0_.Type_ecole as Type3_4_0_ from chalenger.ecole ecole0_ where ecole0_.Id_ecole=?
13:08:46.969 [main] DEBUG o.h.loader.entity.EntityLoader - Static select for entity com.sqli.beans.Ecole: select ecole0_.Id_ecole as Id1_4_0_, ecole0_.Libelle_ecole as Libelle2_4_0_, ecole0_.Type_ecole as Type3_4_0_ from chalenger.ecole ecole0_ where ecole0_.Id_ecole=? for update
13:08:46.969 [main] DEBUG o.h.loader.entity.EntityLoader - Static select for entity com.sqli.beans.Ecole: select ecole0_.Id_ecole as Id1_4_0_, ecole0_.Libelle_ecole as Libelle2_4_0_, ecole0_.Type_ecole as Type3_4_0_ from chalenger.ecole ecole0_ where ecole0_.Id_ecole=? for update
13:08:46.970 [main] DEBUG o.h.loader.entity.EntityLoader - Static select for entity com.sqli.beans.Ecole: select ecole0_.Id_ecole as Id1_4_0_, ecole0_.Libelle_ecole as Libelle2_4_0_, ecole0_.Type_ecole as Type3_4_0_ from chalenger.ecole ecole0_ where ecole0_.Id_ecole=? for update
13:08:46.970 [main] DEBUG o.h.loader.entity.EntityLoader - Static select for action ACTION_MERGE on entity com.sqli.beans.Ecole: select ecole0_.Id_ecole as Id1_4_0_, ecole0_.Libelle_ecole as Libelle2_4_0_, ecole0_.Type_ecole as Type3_4_0_ from chalenger.ecole ecole0_ where ecole0_.Id_ecole=?
13:08:46.971 [main] DEBUG o.h.loader.entity.EntityLoader - Static select for action ACTION_REFRESH on entity com.sqli.beans.Ecole: select ecole0_.Id_ecole as Id1_4_0_, ecole0_.Libelle_ecole as Libelle2_4_0_, ecole0_.Type_ecole as Type3_4_0_ from chalenger.ecole ecole0_ where ecole0_.Id_ecole=?
13:08:46.971 [main] DEBUG o.h.loader.entity.EntityLoader - Static select for entity com.sqli.beans.User: select user0_.Id_user as Id1_11_0_, user0_.Duree as Duree11_0_, user0_.Lgin as Lgin11_0_, user0_.Id_manager_RH as Id5_11_0_, user0_.Matricule as Matricule11_0_, user0_.Password as Password11_0_, user0_.id_profile as id7_11_0_ from chalenger.user user0_ where user0_.Id_user=?
13:08:46.972 [main] DEBUG o.h.loader.entity.EntityLoader - Static select for entity com.sqli.beans.User: select user0_.Id_user as Id1_11_0_, user0_.Duree as Duree11_0_, user0_.Lgin as Lgin11_0_, user0_.Id_manager_RH as Id5_11_0_, user0_.Matricule as Matricule11_0_, user0_.Password as Password11_0_, user0_.id_profile as id7_11_0_ from chalenger.user user0_ where user0_.Id_user=?
13:08:46.972 [main] DEBUG o.h.loader.entity.EntityLoader - Static select for entity com.sqli.beans.User: select user0_.Id_user as Id1_11_0_, user0_.Duree as Duree11_0_, user0_.Lgin as Lgin11_0_, user0_.Id_manager_RH as Id5_11_0_, user0_.Matricule as Matricule11_0_, user0_.Password as Password11_0_, user0_.id_profile as id7_11_0_ from chalenger.user user0_ where user0_.Id_user=? for update
13:08:46.973 [main] DEBUG o.h.loader.entity.EntityLoader - Static select for entity com.sqli.beans.User: select user0_.Id_user as Id1_11_0_, user0_.Duree as Duree11_0_, user0_.Lgin as Lgin11_0_, user0_.Id_manager_RH as Id5_11_0_, user0_.Matricule as Matricule11_0_, user0_.Password as Password11_0_, user0_.id_profile as id7_11_0_ from chalenger.user user0_ where user0_.Id_user=? for update
13:08:46.974 [main] DEBUG o.h.loader.entity.EntityLoader - Static select for entity com.sqli.beans.User: select user0_.Id_user as Id1_11_0_, user0_.Duree as Duree11_0_, user0_.Lgin as Lgin11_0_, user0_.Id_manager_RH as Id5_11_0_, user0_.Matricule as Matricule11_0_, user0_.Password as Password11_0_, user0_.id_profile as id7_11_0_ from chalenger.user user0_ where user0_.Id_user=? for update
13:08:46.974 [main] DEBUG o.h.loader.entity.EntityLoader - Static select for action ACTION_MERGE on entity com.sqli.beans.User: select user0_.Id_user as Id1_11_0_, user0_.Duree as Duree11_0_, user0_.Lgin as Lgin11_0_, user0_.Id_manager_RH as Id5_11_0_, user0_.Matricule as Matricule11_0_, user0_.Password as Password11_0_, user0_.id_profile as id7_11_0_ from chalenger.user user0_ where user0_.Id_user=?
13:08:46.974 [main] DEBUG o.h.loader.entity.EntityLoader - Static select for action ACTION_REFRESH on entity com.sqli.beans.User: select user0_.Id_user as Id1_11_0_, user0_.Duree as Duree11_0_, user0_.Lgin as Lgin11_0_, user0_.Id_manager_RH as Id5_11_0_, user0_.Matricule as Matricule11_0_, user0_.Password as Password11_0_, user0_.id_profile as id7_11_0_ from chalenger.user user0_ where user0_.Id_user=?
13:08:46.976 [main] DEBUG o.h.loader.entity.EntityLoader - Static select for entity com.sqli.beans.Diplome: select diplome0_.Id_diplome as Id1_3_0_, diplome0_.libelle_diplome as libelle2_3_0_, diplome0_.Type_diplome as Type3_3_0_ from chalenger.diplome diplome0_ where diplome0_.Id_diplome=?
13:08:46.976 [main] DEBUG o.h.loader.entity.EntityLoader - Static select for entity com.sqli.beans.Diplome: select diplome0_.Id_diplome as Id1_3_0_, diplome0_.libelle_diplome as libelle2_3_0_, diplome0_.Type_diplome as Type3_3_0_ from chalenger.diplome diplome0_ where diplome0_.Id_diplome=?
[...]
13:08:48.717 [main] ERROR o.h.tool.hbm2ddl.SchemaUpdate - Can&apos;t create table &apos;chalenger.#sql-38d_6b&apos; (errno: 150)
13:08:48.717 [main] DEBUG o.h.tool.hbm2ddl.SchemaUpdate - alter table chalenger.user add index FK36EBCBC87CAB20 (Id_manager_RH, Matricule), add constraint FK36EBCBC87CAB20 foreign key (Id_manager_RH, Matricule) references chalenger.manager_rh (Id_manager_RH, Matricule)
13:08:48.853 [main] ERROR o.h.tool.hbm2ddl.SchemaUpdate - Unsuccessful: alter table chalenger.user add index FK36EBCBC87CAB20 (Id_manager_RH, Matricule), add constraint FK36EBCBC87CAB20 foreign key (Id_manager_RH, Matricule) references chalenger.manager_rh (Id_manager_RH, Matricule)
13:08:48.853 [main] ERROR o.h.tool.hbm2ddl.SchemaUpdate - Can&apos;t create table &apos;chalenger.#sql-38d_6b&apos; (errno: 150)
13:08:48.853 [main] INFO  o.h.tool.hbm2ddl.SchemaUpdate - schema update complete
13:08:48.856 [main] DEBUG o.hibernate.impl.SessionFactoryImpl - Checking 0 named HQL queries
13:08:48.856 [main] DEBUG o.hibernate.impl.SessionFactoryImpl - Checking 0 named SQL queries
13:08:49.118 [main] DEBUG org.hibernate.impl.SessionImpl - opened session at timestamp: 13884953290
13:08:49.186 [main] DEBUG org.hibernate.impl.SessionImpl - opened session at timestamp: 13884953291
13:08:49.191 [main] DEBUG org.hibernate.impl.SessionImpl - opened session at timestamp: 13884953291
13:08:49.195 [main] DEBUG org.hibernate.impl.SessionImpl - opened session at timestamp: 13884953291
13:08:49.199 [main] DEBUG org.hibernate.impl.SessionImpl - opened session at timestamp: 13884953291
13:08:49.204 [main] DEBUG org.hibernate.impl.SessionImpl - opened session at timestamp: 13884953292
13:08:49.209 [main] DEBUG org.hibernate.impl.SessionImpl - opened session at timestamp: 13884953292
13:08:49.213 [main] DEBUG org.hibernate.impl.SessionImpl - opened session at timestamp: 13884953292
13:08:49.218 [main] DEBUG org.hibernate.impl.SessionImpl - opened session at timestamp: 13884953292
13:08:49.223 [main] DEBUG org.hibernate.impl.SessionImpl - opened session at timestamp: 13884953292
13:08:49.228 [main] DEBUG org.hibernate.impl.SessionImpl - opened session at timestamp: 13884953292
13:08:49.233 [main] DEBUG org.hibernate.impl.SessionImpl - opened session at timestamp: 13884953292
13:08:49.282 [main] INFO  o.hibernate.impl.SessionFactoryImpl - closing
</system-out>
    <system-err>31 déc. 2013 13:08:41 org.springframework.test.context.TestContextManager retrieveTestExecutionListeners
INFO: @TestExecutionListeners is not present for class [class com.sqli.dao.EcoleDaoImplTest]: using defaults.
31 déc. 2013 13:08:42 org.springframework.beans.factory.xml.XmlBeanDefinitionReader loadBeanDefinitions
INFO: Loading XML bean definitions from class path resource [applicationContext.xml]
31 déc. 2013 13:08:43 org.springframework.context.support.AbstractApplicationContext prepareRefresh
INFO: Refreshing org.springframework.context.support.GenericApplicationContext@f4f44a: startup date [Tue Dec 31 13:08:43 WET 2013]; root of context hierarchy
31 déc. 2013 13:08:44 org.springframework.beans.factory.support.DefaultListableBeanFactory preInstantiateSingletons
INFO: Pre-instantiating singletons in org.springframework.beans.factory.support.DefaultListableBeanFactory@24c4a3: defining beans [DataSource,SessionFactory,transactionManager,org.springframework.aop.config.internalAutoProxyCreator,org.springframework.transaction.annotation.AnnotationTransactionAttributeSource#0,org.springframework.transaction.interceptor.TransactionInterceptor#0,org.springframework.transaction.config.internalTransactionAdvisor,ecoleDaoImplTest,archivageDaoImpl,posteDaoImpl,niveauDaoImpl,userDaoImpl,obtenirDiplomeDaoImpl,diplomeDaoImpl,managerRhDaoImpl,profileDaoImpl,technologieDaoImpl,collaborateurDaoImpl,ecoleDaoImpl,competenceDaoImpl,org.springframework.context.annotation.internalConfigurationAnnotationProcessor,org.springframework.context.annotation.internalAutowiredAnnotationProcessor,org.springframework.context.annotation.internalRequiredAnnotationProcessor,org.springframework.context.annotation.internalCommonAnnotationProcessor,org.springframework.context.annotation.internalPersistenceAnnotationProcessor,org.springframework.context.annotation.ConfigurationClassPostProcessor$ImportAwareBeanPostProcessor#0]; root of factory hierarchy
31 déc. 2013 13:08:44 org.springframework.jdbc.datasource.DriverManagerDataSource setDriverClassName
INFO: Loaded JDBC driver: com.mysql.jdbc.Driver
31 déc. 2013 13:08:44 org.hibernate.cfg.annotations.Version &lt;clinit&gt;
INFO: Hibernate Annotations 3.3.1.GA
31 déc. 2013 13:08:44 org.hibernate.cfg.AnnotationBinder bindClass
INFO: Binding entity from annotated class: com.sqli.beans.Archivage
31 déc. 2013 13:08:45 org.hibernate.cfg.annotations.EntityBinder bindTable
INFO: Bind entity com.sqli.beans.Archivage on table archivage
31 déc. 2013 13:08:45 org.hibernate.cfg.AnnotationBinder bindClass
INFO: Binding entity from annotated class: com.sqli.beans.Collaborateur
31 déc. 2013 13:08:45 org.hibernate.cfg.annotations.EntityBinder bindTable
INFO: Bind entity com.sqli.beans.Collaborateur on table collaborateur
31 déc. 2013 13:08:45 org.hibernate.cfg.AnnotationBinder bindClass
INFO: Binding entity from annotated class: com.sqli.beans.Competence
31 déc. 2013 13:08:45 org.hibernate.cfg.annotations.EntityBinder bindTable
INFO: Bind entity com.sqli.beans.Competence on table competence
31 déc. 2013 13:08:45 org.hibernate.cfg.AnnotationBinder bindClass
INFO: Binding entity from annotated class: com.sqli.beans.Diplome
31 déc. 2013 13:08:45 org.hibernate.cfg.annotations.EntityBinder bindTable
INFO: Bind entity com.sqli.beans.Diplome on table diplome
31 déc. 2013 13:08:45 org.hibernate.cfg.AnnotationBinder bindClass
INFO: Binding entity from annotated class: com.sqli.beans.Ecole
31 déc. 2013 13:08:45 org.hibernate.cfg.annotations.EntityBinder bindTable
INFO: Bind entity com.sqli.beans.Ecole on table ecole
31 déc. 2013 13:08:45 org.hibernate.cfg.AnnotationBinder bindClass
INFO: Binding entity from annotated class: com.sqli.beans.ManagerRh
31 déc. 2013 13:08:45 org.hibernate.cfg.annotations.EntityBinder bindTable
INFO: Bind entity com.sqli.beans.ManagerRh on table manager_rh
31 déc. 2013 13:08:45 org.hibernate.cfg.AnnotationBinder bindClass
INFO: Binding entity from annotated class: com.sqli.beans.Niveau
31 déc. 2013 13:08:45 org.hibernate.cfg.annotations.EntityBinder bindTable
INFO: Bind entity com.sqli.beans.Niveau on table niveau
31 déc. 2013 13:08:45 org.hibernate.cfg.AnnotationBinder bindClass
INFO: Binding entity from annotated class: com.sqli.beans.ObtenirDiplome
31 déc. 2013 13:08:45 org.hibernate.cfg.annotations.EntityBinder bindTable
INFO: Bind entity com.sqli.beans.ObtenirDiplome on table obtenir_diplome
31 déc. 2013 13:08:45 org.hibernate.cfg.AnnotationBinder bindClass
INFO: Binding entity from annotated class: com.sqli.beans.Poste
31 déc. 2013 13:08:45 org.hibernate.cfg.annotations.EntityBinder bindTable
INFO: Bind entity com.sqli.beans.Poste on table poste
31 déc. 2013 13:08:45 org.hibernate.cfg.AnnotationBinder bindClass
INFO: Binding entity from annotated class: com.sqli.beans.Profile
31 déc. 2013 13:08:45 org.hibernate.cfg.annotations.EntityBinder bindTable
INFO: Bind entity com.sqli.beans.Profile on table profile
31 déc. 2013 13:08:45 org.hibernate.cfg.AnnotationBinder bindClass
INFO: Binding entity from annotated class: com.sqli.beans.Technologie
31 déc. 2013 13:08:45 org.hibernate.cfg.annotations.EntityBinder bindTable
INFO: Bind entity com.sqli.beans.Technologie on table technologie
31 déc. 2013 13:08:45 org.hibernate.cfg.AnnotationBinder bindClass
INFO: Binding entity from annotated class: com.sqli.beans.User
31 déc. 2013 13:08:45 org.hibernate.cfg.annotations.EntityBinder bindTable
INFO: Bind entity com.sqli.beans.User on table user
31 déc. 2013 13:08:45 org.hibernate.cfg.annotations.CollectionBinder bindOneToManySecondPass
INFO: Mapping collection: com.sqli.beans.Collaborateur.archivages -&gt; archivage
31 déc. 2013 13:08:45 org.hibernate.cfg.annotations.CollectionBinder bindOneToManySecondPass
INFO: Mapping collection: com.sqli.beans.Collaborateur.managerRhs -&gt; manager_rh
31 déc. 2013 13:08:45 org.hibernate.cfg.annotations.CollectionBinder bindOneToManySecondPass
INFO: Mapping collection: com.sqli.beans.Collaborateur.niveaus -&gt; niveau
31 déc. 2013 13:08:45 org.hibernate.cfg.annotations.CollectionBinder bindOneToManySecondPass
INFO: Mapping collection: com.sqli.beans.Collaborateur.obtenirDiplomes -&gt; obtenir_diplome
31 déc. 2013 13:08:45 org.hibernate.cfg.annotations.CollectionBinder bindOneToManySecondPass
INFO: Mapping collection: com.sqli.beans.Competence.niveaus -&gt; niveau
31 déc. 2013 13:08:45 org.hibernate.cfg.annotations.CollectionBinder bindOneToManySecondPass
INFO: Mapping collection: com.sqli.beans.Diplome.obtenirDiplomes -&gt; obtenir_diplome
31 déc. 2013 13:08:45 org.hibernate.cfg.annotations.CollectionBinder bindOneToManySecondPass
INFO: Mapping collection: com.sqli.beans.Ecole.obtenirDiplomes -&gt; obtenir_diplome
31 déc. 2013 13:08:45 org.hibernate.cfg.annotations.CollectionBinder bindOneToManySecondPass
INFO: Mapping collection: com.sqli.beans.ManagerRh.collaborateursForFkActuelMrh -&gt; collaborateur
31 déc. 2013 13:08:45 org.hibernate.cfg.annotations.CollectionBinder bindOneToManySecondPass
INFO: Mapping collection: com.sqli.beans.ManagerRh.collaborateursForFkEncienMrh -&gt; collaborateur
31 déc. 2013 13:08:45 org.hibernate.cfg.annotations.CollectionBinder bindOneToManySecondPass
INFO: Mapping collection: com.sqli.beans.ManagerRh.users -&gt; user
31 déc. 2013 13:08:45 org.hibernate.cfg.annotations.CollectionBinder bindOneToManySecondPass
INFO: Mapping collection: com.sqli.beans.Poste.archivages -&gt; archivage
31 déc. 2013 13:08:45 org.hibernate.cfg.annotations.CollectionBinder bindOneToManySecondPass
INFO: Mapping collection: com.sqli.beans.Profile.users -&gt; user
31 déc. 2013 13:08:45 org.hibernate.cfg.annotations.CollectionBinder bindOneToManySecondPass
INFO: Mapping collection: com.sqli.beans.Technologie.niveaus -&gt; niveau
31 déc. 2013 13:08:45 org.springframework.orm.hibernate3.LocalSessionFactoryBean buildSessionFactory
INFO: Building new Hibernate SessionFactory
31 déc. 2013 13:08:48 org.springframework.orm.hibernate3.HibernateTransactionManager afterPropertiesSet
INFO: Using DataSource [org.springframework.jdbc.datasource.DriverManagerDataSource@1a93f38] of Hibernate SessionFactory for HibernateTransactionManager
31 déc. 2013 13:08:49 org.springframework.beans.factory.support.DefaultSingletonBeanRegistry destroySingletons
INFO: Destroying singletons in org.springframework.beans.factory.support.DefaultListableBeanFactory@24c4a3: defining beans [DataSource,SessionFactory,transactionManager,org.springframework.aop.config.internalAutoProxyCreator,org.springframework.transaction.annotation.AnnotationTransactionAttributeSource#0,org.springframework.transaction.interceptor.TransactionInterceptor#0,org.springframework.transaction.config.internalTransactionAdvisor,ecoleDaoImplTest,archivageDaoImpl,posteDaoImpl,niveauDaoImpl,userDaoImpl,obtenirDiplomeDaoImpl,diplomeDaoImpl,managerRhDaoImpl,profileDaoImpl,technologieDaoImpl,collaborateurDaoImpl,ecoleDaoImpl,competenceDaoImpl,org.springframework.context.annotation.internalConfigurationAnnotationProcessor,org.springframework.context.annotation.internalAutowiredAnnotationProcessor,org.springframework.context.annotation.internalRequiredAnnotationProcessor,org.springframework.context.annotation.internalCommonAnnotationProcessor,org.springframework.context.annotation.internalPersistenceAnnotationProcessor,org.springframework.context.annotation.ConfigurationClassPostProcessor$ImportAwareBeanPostProcessor#0]; root of factory hierarchy
31 déc. 2013 13:08:49 org.springframework.orm.hibernate3.AbstractSessionFactoryBean destroy
INFO: Closing Hibernate SessionFactory
31 déc. 2013 13:08:49 org.springframework.test.context.TestContextManager prepareTestInstance
GRAVE: Caught exception while allowing TestExecutionListener [org.springframework.test.context.support.DependencyInjectionTestExecutionListener@1c7d56b] to prepare test instance [com.sqli.dao.EcoleDaoImplTest@8c858a]
java.lang.IllegalStateException: Failed to load ApplicationContext
	at org.springframework.test.context.TestContext.getApplicationContext(TestContext.java:157)
	at org.springframework.test.context.support.DependencyInjectionTestExecutionListener.injectDependencies(DependencyInjectionTestExecutionListener.java:109)
	at org.springframework.test.context.support.DependencyInjectionTestExecutionListener.prepareTestInstance(DependencyInjectionTestExecutionListener.java:75)
	at org.springframework.test.context.TestContextManager.prepareTestInstance(TestContextManager.java:321)
	at org.springframework.test.context.junit4.SpringJUnit4ClassRunner.createTest(SpringJUnit4ClassRunner.java:211)
	at org.springframework.test.context.junit4.SpringJUnit4ClassRunner$1.runReflectiveCall(SpringJUnit4ClassRunner.java:288)
	at org.junit.internal.runners.model.ReflectiveCallable.run(ReflectiveCallable.java:15)
	at org.springframework.test.context.junit4.SpringJUnit4ClassRunner.methodBlock(SpringJUnit4ClassRunner.java:290)
	at org.springframework.test.context.junit4.SpringJUnit4ClassRunner.runChild(SpringJUnit4ClassRunner.java:231)
	at org.junit.runners.BlockJUnit4ClassRunner.runChild(BlockJUnit4ClassRunner.java:50)
	at org.junit.runners.ParentRunner$3.run(ParentRunner.java:193)
	at org.junit.runners.ParentRunner$1.schedule(ParentRunner.java:52)
	at org.junit.runners.ParentRunner.runChildren(ParentRunner.java:191)
	at org.junit.runners.ParentRunner.access$000(ParentRunner.java:42)
	at org.junit.runners.ParentRunner$2.evaluate(ParentRunner.java:184)
	at org.springframework.test.context.junit4.statements.RunBeforeTestClassCallbacks.evaluate(RunBeforeTestClassCallbacks.java:61)
	at org.springframework.test.context.junit4.statements.RunAfterTestClassCallbacks.evaluate(RunAfterTestClassCallbacks.java:71)
	at org.junit.runners.ParentRunner.run(ParentRunner.java:236)
	at org.springframework.test.context.junit4.SpringJUnit4ClassRunner.run(SpringJUnit4ClassRunner.java:174)
	at org.apache.maven.surefire.junit4.JUnit4TestSet.execute(JUnit4TestSet.java:53)
	at org.apache.maven.surefire.junit4.JUnit4Provider.executeTestSet(JUnit4Provider.java:123)
	at org.apache.maven.surefire.junit4.JUnit4Provider.invoke(JUnit4Provider.java:104)
	at sun.reflect.NativeMethodAccessorImpl.invoke0(Native Method)
	at sun.reflect.NativeMethodAccessorImpl.invoke(NativeMethodAccessorImpl.java:57)
	at sun.reflect.DelegatingMethodAccessorImpl.invoke(DelegatingMethodAccessorImpl.java:43)
	at java.lang.reflect.Method.invoke(Method.java:616)
	at org.apache.maven.surefire.util.ReflectionUtils.invokeMethodWithArray(ReflectionUtils.java:164)
	at org.apache.maven.surefire.booter.ProviderFactory$ProviderProxy.invoke(ProviderFactory.java:110)
	at org.apache.maven.surefire.booter.SurefireStarter.invokeProvider(SurefireStarter.java:175)
	at org.apache.maven.surefire.booter.SurefireStarter.runSuitesInProcessWhenForked(SurefireStarter.java:107)
	at org.apache.maven.surefire.booter.ForkedBooter.main(ForkedBooter.java:68)
Caused by: org.springframework.beans.factory.BeanCreationException: Error creating bean with name &apos;ecoleDaoImplTest&apos;: Injection of autowired dependencies failed; nested exception is org.springframework.beans.factory.BeanCreationException: Could not autowire method: public void com.sqli.dao.EcoleDaoImplTest.setEcoleDao(com.sqli.interfaces.InterfaceDao); nested exception is org.springframework.beans.factory.NoSuchBeanDefinitionException: No unique bean of type [com.sqli.interfaces.InterfaceDao] is defined: expected single matching bean but found 12: [archivageDaoImpl, posteDaoImpl, niveauDaoImpl, userDaoImpl, obtenirDiplomeDaoImpl, diplomeDaoImpl, managerRhDaoImpl, profileDaoImpl, technologieDaoImpl, collaborateurDaoImpl, ecoleDaoImpl, competenceDaoImpl]
	at org.springframework.beans.factory.annotation.AutowiredAnnotationBeanPostProcessor.postProcessPropertyValues(AutowiredAnnotationBeanPostProcessor.java:287)
	at org.springframework.beans.factory.support.AbstractAutowireCapableBeanFactory.populateBean(AbstractAutowireCapableBeanFactory.java:1106)
	at org.springframework.beans.factory.support.AbstractAutowireCapableBeanFactory.doCreateBean(AbstractAutowireCapableBeanFactory.java:517)
	at org.springframework.beans.factory.support.AbstractAutowireCapableBeanFactory.createBean(AbstractAutowireCapableBeanFactory.java:456)
	at org.springframework.beans.factory.support.AbstractBeanFactory$1.getObject(AbstractBeanFactory.java:294)
	at org.springframework.beans.factory.support.DefaultSingletonBeanRegistry.getSingleton(DefaultSingletonBeanRegistry.java:225)
	at org.springframework.beans.factory.support.AbstractBeanFactory.doGetBean(AbstractBeanFactory.java:291)
	at org.springframework.beans.factory.support.AbstractBeanFactory.getBean(AbstractBeanFactory.java:193)
	at org.springframework.beans.factory.support.DefaultListableBeanFactory.preInstantiateSingletons(DefaultListableBeanFactory.java:585)
	at org.springframework.context.support.AbstractApplicationContext.finishBeanFactoryInitialization(AbstractApplicationContext.java:913)
	at org.springframework.context.support.AbstractApplicationContext.refresh(AbstractApplicationContext.java:464)
	at org.springframework.test.context.support.AbstractGenericContextLoader.loadContext(AbstractGenericContextLoader.java:103)
	at org.springframework.test.context.support.AbstractGenericContextLoader.loadContext(AbstractGenericContextLoader.java:1)
	at org.springframework.test.context.support.DelegatingSmartContextLoader.loadContext(DelegatingSmartContextLoader.java:228)
	at org.springframework.test.context.TestContext.loadApplicationContext(TestContext.java:124)
	at org.springframework.test.context.TestContext.getApplicationContext(TestContext.java:148)
	... 30 more
Caused by: org.springframework.beans.factory.BeanCreationException: Could not autowire method: public void com.sqli.dao.EcoleDaoImplTest.setEcoleDao(com.sqli.interfaces.InterfaceDao); nested exception is org.springframework.beans.factory.NoSuchBeanDefinitionException: No unique bean of type [com.sqli.interfaces.InterfaceDao] is defined: expected single matching bean but found 12: [archivageDaoImpl, posteDaoImpl, niveauDaoImpl, userDaoImpl, obtenirDiplomeDaoImpl, diplomeDaoImpl, managerRhDaoImpl, profileDaoImpl, technologieDaoImpl, collaborateurDaoImpl, ecoleDaoImpl, competenceDaoImpl]
	at org.springframework.beans.factory.annotation.AutowiredAnnotationBeanPostProcessor$AutowiredMethodElement.inject(AutowiredAnnotationBeanPostProcessor.java:593)
	at org.springframework.beans.factory.annotation.InjectionMetadata.inject(InjectionMetadata.java:87)
	at org.springframework.beans.factory.annotation.AutowiredAnnotationBeanPostProcessor.postProcessPropertyValues(AutowiredAnnotationBeanPostProcessor.java:284)
	... 45 more
Caused by: org.springframework.beans.factory.NoSuchBeanDefinitionException: No unique bean of type [com.sqli.interfaces.InterfaceDao] is defined: expected single matching bean but found 12: [archivageDaoImpl, posteDaoImpl, niveauDaoImpl, userDaoImpl, obtenirDiplomeDaoImpl, diplomeDaoImpl, managerRhDaoImpl, profileDaoImpl, technologieDaoImpl, collaborateurDaoImpl, ecoleDaoImpl, competenceDaoImpl]
	at org.springframework.beans.factory.support.DefaultListableBeanFactory.doResolveDependency(DefaultListableBeanFactory.java:800)
	at org.springframework.beans.factory.support.DefaultListableBeanFactory.resolveDependency(DefaultListableBeanFactory.java:707)
	at org.springframework.beans.factory.annotation.AutowiredAnnotationBeanPostProcessor$AutowiredMethodElement.inject(AutowiredAnnotationBeanPostProcessor.java:551)
	... 47 more
</system-err>
  </testcase>
</testsuite>